#
# A fatal error has been detected by the Java Runtime Environment:
#
#  EXCEPTION_ACCESS_VIOLATION (0xc0000005) at pc=0x00000000028166f7, pid=3128, tid=0x0000000000000e34
#
# JRE version: OpenJDK Runtime Environment (8.0_152-b06) (build 1.8.0_152-release-1136-b06)
# Java VM: OpenJDK 64-Bit Server VM (25.152-b06 mixed mode windows-amd64 compressed oops)
# Problematic frame:
# v  ~BufferBlob::vtable chunks
#
# Failed to write core dump. Minidumps are not enabled by default on client versions of Windows
#
# If you would like to submit a bug report, please visit:
#   http://bugreport.java.com/bugreport/crash.jsp
#

---------------  T H R E A D  ---------------

Current thread (0x000000001d6c0000):  JavaThread "ForkJoinPool.commonPool-worker-1" daemon [_thread_in_Java, id=3636, stack(0x0000000022ba0000,0x0000000022ca0000)]

siginfo: ExceptionCode=0xc0000005, reading address 0x00000001017d86b8

Registers:
RAX=0x00000001017d84c0, RBX=0x0000000022a65318, RCX=0x0000000000000000, RDX=0x00000000a24f3d50
RSP=0x0000000022c9e318, RBP=0x0000000022c9e510, RSI=0x00000001017d84c0, RDI=0x0000000022b716e0
R8 =0x00000000a27a06d8, R9 =0x0000000000000001, R10=0x00000000a1f30e58, R11=0x00000000a27a06d8
R12=0x0000000000000000, R13=0x0000000000000000, R14=0x0000000022c9e528, R15=0x000000001d6c0000
RIP=0x00000000028166f7, EFLAGS=0x0000000000010206

Top of Stack: (sp=0x0000000022c9e318)
0x0000000022c9e318:   000000000340f7dc 000000001972610a
0x0000000022c9e328:   0000000022c9e390 00000000197271b0
0x0000000022c9e338:   00000000a1f30da8 00000000a1f30da8
0x0000000022c9e348:   00000000a24f3d08 00000000e00c10a8
0x0000000022c9e358:   0000000000000000 00000000a24f3d30
0x0000000022c9e368:   2f499d557843653d 0000000022c9e510
0x0000000022c9e378:   0000000002c2e8dc 0000000000000005
0x0000000022c9e388:   00000000e00c1470 000000001d6c0000
0x0000000022c9e398:   000000001bd210e8 00000000e00c1470
0x0000000022c9e3a8:   00000000592859b7 000000001bd210e8
0x0000000022c9e3b8:   00000000a0072a10 0000003800000000
0x0000000022c9e3c8:   0000000000000005 000000000014cf1b
0x0000000022c9e3d8:   0000000022c9e440 0000000000000000
0x0000000022c9e3e8:   00000000591c7783 0000000022c9e480
0x0000000022c9e3f8:   000000000270809d 000000001d6c0000
0x0000000022c9e408:   000000000270809d 00000000a1f30da8 

Instructions: (pc=0x00000000028166f7)
0x00000000028166d7:   00 00 00 00 00 00 00 00 00 00 00 00 00 00 00 00
0x00000000028166e7:   00 0a 00 0e 00 00 00 01 00 8b 42 08 48 c1 e0 03
0x00000000028166f7:   48 8b 98 f8 01 00 00 ff 63 40 00 00 00 00 00 00
0x0000000002816707:   00 00 00 00 00 00 00 00 00 00 00 00 00 00 00 00 


Register to memory mapping:

RAX=0x00000001017d84c0 is an unknown value
RBX={method} {0x0000000022a65320} 'openStream' '()Ljava/io/InputStream;' in 'com/android/tools/build/apkzlib/zip/utils/CloseableDelegateByteSource'
RCX=0x0000000000000000 is an unknown value
RDX=
[error occurred during error reporting (printing register info), id 0xc0000005]

Stack: [0x0000000022ba0000,0x0000000022ca0000],  sp=0x0000000022c9e318,  free space=1016k
Native frames: (J=compiled Java code, j=interpreted, Vv=VM code, C=native code)
C  0x00000000028166f7


---------------  P R O C E S S  ---------------

Java Threads: ( => current thread )
=>0x000000001d6c0000 JavaThread "ForkJoinPool.commonPool-worker-1" daemon [_thread_in_Java, id=3636, stack(0x0000000022ba0000,0x0000000022ca0000)]
  0x000000001d6c5000 JavaThread "Task worker for ':' Thread 3" [_thread_blocked, id=7968, stack(0x00000000228a0000,0x00000000229a0000)]
  0x000000001d6c4800 JavaThread "Task worker for ':' Thread 2" [_thread_blocked, id=4296, stack(0x00000000227a0000,0x00000000228a0000)]
  0x000000001d6c3000 JavaThread "Task worker for ':'" [_thread_blocked, id=1332, stack(0x00000000226a0000,0x00000000227a0000)]
  0x000000001d6c3800 JavaThread "Cache worker for Build Output Cleanup Cache (E:\AndroidStudio_project\homework_03\.gradle\buildOutputCleanup)" [_thread_blocked, id=9212, stack(0x00000000225a0000,0x00000000226a0000)]
  0x000000001d6c0800 JavaThread "Cache worker for task history cache (E:\AndroidStudio_project\homework_03\.gradle\4.6\taskHistory)" [_thread_blocked, id=6272, stack(0x00000000224a0000,0x00000000225a0000)]
  0x000000001d6b7000 JavaThread "Cache worker for file content cache (E:\AndroidStudio_project\homework_03\.gradle\4.6\fileContent)" [_thread_blocked, id=5080, stack(0x0000000021ad0000,0x0000000021bd0000)]
  0x000000001d6b7800 JavaThread "Memory manager" [_thread_blocked, id=5108, stack(0x0000000020fa0000,0x00000000210a0000)]
  0x0000000017401000 JavaThread "Build operations Thread 4" [_thread_blocked, id=212, stack(0x000000001fcd0000,0x000000001fdd0000)]
  0x0000000017400000 JavaThread "Build operations Thread 3" [_thread_blocked, id=4328, stack(0x000000001fbd0000,0x000000001fcd0000)]
  0x00000000173fe800 JavaThread "Build operations Thread 2" [_thread_blocked, id=528, stack(0x000000001fad0000,0x000000001fbd0000)]
  0x0000000017404000 JavaThread "Build operations" [_thread_blocked, id=2904, stack(0x000000001f8d0000,0x000000001f9d0000)]
  0x00000000173fd000 JavaThread "Cache worker for Artifact transforms cache (C:\Users\Administrator\.gradle\caches\transforms-1)" [_thread_blocked, id=7028, stack(0x000000001cbc0000,0x000000001ccc0000)]
  0x000000001907b800 JavaThread "Cache worker for file hash cache (E:\AndroidStudio_project\homework_03\.gradle\4.6\fileHashes)" [_thread_blocked, id=288, stack(0x000000001b6f0000,0x000000001b7f0000)]
  0x0000000019259000 JavaThread "File lock request listener" [_thread_in_native, id=4308, stack(0x000000001b5f0000,0x000000001b6f0000)]
  0x0000000019000800 JavaThread "Cache worker for file hash cache (C:\Users\Administrator\.gradle\caches\4.6\fileHashes)" [_thread_blocked, id=788, stack(0x000000001b4f0000,0x000000001b5f0000)]
  0x0000000018fcc800 JavaThread "Stdin handler" [_thread_blocked, id=4272, stack(0x000000001a220000,0x000000001a320000)]
  0x0000000018e4e000 JavaThread "Asynchronous log dispatcher for DefaultDaemonConnection: socket connection from /127.0.0.1:1973 to /127.0.0.1:1974" [_thread_blocked, id=4756, stack(0x000000001a120000,0x000000001a220000)]
  0x0000000018e4c000 JavaThread "Daemon worker" [_thread_blocked, id=2832, stack(0x000000001a020000,0x000000001a120000)]
  0x0000000018fcb000 JavaThread "Cancel handler" [_thread_blocked, id=8784, stack(0x0000000019f20000,0x000000001a020000)]
  0x0000000018e3b800 JavaThread "Handler for socket connection from /127.0.0.1:1973 to /127.0.0.1:1974" [_thread_in_native, id=1584, stack(0x0000000019c20000,0x0000000019d20000)]
  0x0000000018e3a000 JavaThread "Daemon" [_thread_blocked, id=7312, stack(0x0000000019b20000,0x0000000019c20000)]
  0x0000000018f3d800 JavaThread "Daemon periodic checks" [_thread_blocked, id=8824, stack(0x0000000019a20000,0x0000000019b20000)]
  0x0000000018d64000 JavaThread "Incoming local TCP Connector on port 1973" [_thread_in_native, id=8364, stack(0x00000000198c0000,0x00000000199c0000)]
  0x000000001748c000 JavaThread "Service Thread" daemon [_thread_blocked, id=4336, stack(0x0000000017cf0000,0x0000000017df0000)]
  0x00000000173ff800 JavaThread "C1 CompilerThread2" daemon [_thread_blocked, id=4192, stack(0x0000000017bf0000,0x0000000017cf0000)]
  0x00000000160ce000 JavaThread "C2 CompilerThread1" daemon [_thread_blocked, id=5808, stack(0x0000000017af0000,0x0000000017bf0000)]
  0x00000000160c8800 JavaThread "C2 CompilerThread0" daemon [_thread_blocked, id=7120, stack(0x00000000179f0000,0x0000000017af0000)]
  0x000000001607d000 JavaThread "Attach Listener" daemon [_thread_blocked, id=6452, stack(0x00000000178f0000,0x00000000179f0000)]
  0x00000000173f8800 JavaThread "Signal Dispatcher" daemon [_thread_blocked, id=6052, stack(0x00000000177f0000,0x00000000178f0000)]
  0x0000000016058800 JavaThread "Finalizer" daemon [_thread_blocked, id=8060, stack(0x00000000172f0000,0x00000000173f0000)]
  0x00000000026f2000 JavaThread "Reference Handler" daemon [_thread_blocked, id=8720, stack(0x00000000171f0000,0x00000000172f0000)]
  0x00000000024fe800 JavaThread "main" [_thread_blocked, id=3948, stack(0x0000000002500000,0x0000000002600000)]

Other Threads:
  0x0000000016035000 VMThread [stack: 0x00000000170f0000,0x00000000171f0000] [id=2640]
  0x0000000017490000 WatcherThread [stack: 0x0000000017df0000,0x0000000017ef0000] [id=4500]

VM state:not at safepoint (normal execution)

VM Mutex/Monitor currently owned by a thread: None

Heap:
 PSYoungGen      total 143872K, used 3410K [0x00000000e0000000, 0x00000000eba80000, 0x0000000100000000)
  eden space 127488K, 2% used [0x00000000e0000000,0x00000000e03548f0,0x00000000e7c80000)
  from space 16384K, 0% used [0x00000000e7c80000,0x00000000e7c80000,0x00000000e8c80000)
  to   space 16384K, 0% used [0x00000000eaa80000,0x00000000eaa80000,0x00000000eba80000)
 ParOldGen       total 100352K, used 41100K [0x00000000a0000000, 0x00000000a6200000, 0x00000000e0000000)
  object space 100352K, 40% used [0x00000000a0000000,0x00000000a2823200,0x00000000a6200000)
 Metaspace       used 57512K, capacity 59232K, committed 59360K, reserved 1099776K
  class space    used 7783K, capacity 8195K, committed 8268K, reserved 1048576K

Card table byte_map: [0x0000000011ac0000,0x0000000011dd0000] byte_map_base: 0x00000000115c0000

Marking Bits: (ParMarkBitMap*) 0x0000000059835aa0
 Begin Bits: [0x00000000123d0000, 0x0000000013bd0000)
 End Bits:   [0x0000000013bd0000, 0x00000000153d0000)

Polling page: 0x00000000001f0000

CodeCache: size=245760Kb used=20788Kb max_used=20788Kb free=224971Kb
 bounds [0x0000000002700000, 0x0000000003b60000, 0x0000000011700000]
 total_blobs=7288 nmethods=6501 adapters=699
 compilation: enabled

Compilation events (10 events):
Event: 20.258 Thread 0x00000000173ff800 nmethod 7343 0x00000000033ff450 code [0x00000000033ff5a0, 0x00000000033ff6d0]
Event: 20.258 Thread 0x00000000173ff800 7344       3       java.security.Security::getImpl (31 bytes)
Event: 20.259 Thread 0x00000000173ff800 nmethod 7344 0x0000000003b54190 code [0x0000000003b543c0, 0x0000000003b551f8]
Event: 20.259 Thread 0x00000000173ff800 7347       3       sun.security.provider.ByteArrayAccess::i2bBig (204 bytes)
Event: 20.259 Thread 0x00000000173ff800 nmethod 7347 0x0000000003b53950 code [0x0000000003b53ae0, 0x0000000003b53f68]
Event: 20.259 Thread 0x00000000173ff800 7345       3       java.util.TreeSet::isEmpty (10 bytes)
Event: 20.259 Thread 0x00000000173ff800 nmethod 7345 0x0000000003b53510 code [0x0000000003b53680, 0x0000000003b538a8]
Event: 20.259 Thread 0x00000000173ff800 7346   !   3       java.security.MessageDigest::getInstance (137 bytes)
Event: 20.260 Thread 0x00000000173ff800 nmethod 7346 0x0000000003b5acd0 code [0x0000000003b5af40, 0x0000000003b5c2b8]
Event: 20.260 Thread 0x00000000173ff800 7348       3       com.android.tools.build.apkzlib.zip.ZFile$$Lambda$351/1873455677::apply (16 bytes)

GC Heap History (10 events):
Event: 15.606 GC heap before
{Heap before GC invocations=16 (full 2):
 PSYoungGen      total 99328K, used 99300K [0x00000000e0000000, 0x00000000e7f80000, 0x0000000100000000)
  eden space 92160K, 100% used [0x00000000e0000000,0x00000000e5a00000,0x00000000e5a00000)
  from space 7168K, 99% used [0x00000000e5a00000,0x00000000e60f9330,0x00000000e6100000)
  to   space 9728K, 0% used [0x00000000e7600000,0x00000000e7600000,0x00000000e7f80000)
 ParOldGen       total 57856K, used 20552K [0x00000000a0000000, 0x00000000a3880000, 0x00000000e0000000)
  object space 57856K, 35% used [0x00000000a0000000,0x00000000a14121b0,0x00000000a3880000)
 Metaspace       used 49416K, capacity 50464K, committed 50648K, reserved 1093632K
  class space    used 6602K, capacity 6903K, committed 6912K, reserved 1048576K
Event: 15.640 GC heap after
Heap after GC invocations=16 (full 2):
 PSYoungGen      total 117248K, used 9720K [0x00000000e0000000, 0x00000000e8700000, 0x0000000100000000)
  eden space 107520K, 0% used [0x00000000e0000000,0x00000000e0000000,0x00000000e6900000)
  from space 9728K, 99% used [0x00000000e7600000,0x00000000e7f7e158,0x00000000e7f80000)
  to   space 13312K, 0% used [0x00000000e6900000,0x00000000e6900000,0x00000000e7600000)
 ParOldGen       total 57856K, used 27009K [0x00000000a0000000, 0x00000000a3880000, 0x00000000e0000000)
  object space 57856K, 46% used [0x00000000a0000000,0x00000000a1a605d0,0x00000000a3880000)
 Metaspace       used 49416K, capacity 50464K, committed 50648K, reserved 1093632K
  class space    used 6602K, capacity 6903K, committed 6912K, reserved 1048576K
}
Event: 18.473 GC heap before
{Heap before GC invocations=17 (full 2):
 PSYoungGen      total 117248K, used 117240K [0x00000000e0000000, 0x00000000e8700000, 0x0000000100000000)
  eden space 107520K, 100% used [0x00000000e0000000,0x00000000e6900000,0x00000000e6900000)
  from space 9728K, 99% used [0x00000000e7600000,0x00000000e7f7e158,0x00000000e7f80000)
  to   space 13312K, 0% used [0x00000000e6900000,0x00000000e6900000,0x00000000e7600000)
 ParOldGen       total 57856K, used 27009K [0x00000000a0000000, 0x00000000a3880000, 0x00000000e0000000)
  object space 57856K, 46% used [0x00000000a0000000,0x00000000a1a605d0,0x00000000a3880000)
 Metaspace       used 55716K, capacity 57326K, committed 57432K, reserved 1099776K
  class space    used 7555K, capacity 7968K, committed 8064K, reserved 1048576K
Event: 18.502 GC heap after
Heap after GC invocations=17 (full 2):
 PSYoungGen      total 120832K, used 11326K [0x00000000e0000000, 0x00000000e9a80000, 0x0000000100000000)
  eden space 107520K, 0% used [0x00000000e0000000,0x00000000e0000000,0x00000000e6900000)
  from space 13312K, 85% used [0x00000000e6900000,0x00000000e740fa10,0x00000000e7600000)
  to   space 14336K, 0% used [0x00000000e8c80000,0x00000000e8c80000,0x00000000e9a80000)
 ParOldGen       total 57856K, used 32025K [0x00000000a0000000, 0x00000000a3880000, 0x00000000e0000000)
  object space 57856K, 55% used [0x00000000a0000000,0x00000000a1f46470,0x00000000a3880000)
 Metaspace       used 55716K, capacity 57326K, committed 57432K, reserved 1099776K
  class space    used 7555K, capacity 7968K, committed 8064K, reserved 1048576K
}
Event: 19.732 GC heap before
{Heap before GC invocations=18 (full 2):
 PSYoungGen      total 120832K, used 71350K [0x00000000e0000000, 0x00000000e9a80000, 0x0000000100000000)
  eden space 107520K, 55% used [0x00000000e0000000,0x00000000e3a9e190,0x00000000e6900000)
  from space 13312K, 85% used [0x00000000e6900000,0x00000000e740fa10,0x00000000e7600000)
  to   space 14336K, 0% used [0x00000000e8c80000,0x00000000e8c80000,0x00000000e9a80000)
 ParOldGen       total 57856K, used 32025K [0x00000000a0000000, 0x00000000a3880000, 0x00000000e0000000)
  object space 57856K, 55% used [0x00000000a0000000,0x00000000a1f46470,0x00000000a3880000)
 Metaspace       used 57324K, capacity 59046K, committed 59284K, reserved 1099776K
  class space    used 7767K, capacity 8186K, committed 8192K, reserved 1048576K
Event: 19.748 GC heap after
Heap after GC invocations=18 (full 2):
 PSYoungGen      total 141824K, used 14321K [0x00000000e0000000, 0x00000000e9f00000, 0x0000000100000000)
  eden space 127488K, 0% used [0x00000000e0000000,0x00000000e0000000,0x00000000e7c80000)
  from space 14336K, 99% used [0x00000000e8c80000,0x00000000e9a7c6e8,0x00000000e9a80000)
  to   space 16384K, 0% used [0x00000000e7c80000,0x00000000e7c80000,0x00000000e8c80000)
 ParOldGen       total 57856K, used 32451K [0x00000000a0000000, 0x00000000a3880000, 0x00000000e0000000)
  object space 57856K, 56% used [0x00000000a0000000,0x00000000a1fb0d08,0x00000000a3880000)
 Metaspace       used 57324K, capacity 59046K, committed 59284K, reserved 1099776K
  class space    used 7767K, capacity 8186K, committed 8192K, reserved 1048576K
}
Event: 19.932 GC heap before
{Heap before GC invocations=19 (full 2):
 PSYoungGen      total 141824K, used 39889K [0x00000000e0000000, 0x00000000e9f00000, 0x0000000100000000)
  eden space 127488K, 20% used [0x00000000e0000000,0x00000000e18f7da8,0x00000000e7c80000)
  from space 14336K, 99% used [0x00000000e8c80000,0x00000000e9a7c6e8,0x00000000e9a80000)
  to   space 16384K, 0% used [0x00000000e7c80000,0x00000000e7c80000,0x00000000e8c80000)
 ParOldGen       total 57856K, used 32451K [0x00000000a0000000, 0x00000000a3880000, 0x00000000e0000000)
  object space 57856K, 56% used [0x00000000a0000000,0x00000000a1fb0d08,0x00000000a3880000)
 Metaspace       used 57512K, capacity 59232K, committed 59360K, reserved 1099776K
  class space    used 7783K, capacity 8195K, committed 8268K, reserved 1048576K
Event: 19.950 GC heap after
Heap after GC invocations=19 (full 2):
 PSYoungGen      total 143872K, used 3393K [0x00000000e0000000, 0x00000000eba80000, 0x0000000100000000)
  eden space 127488K, 0% used [0x00000000e0000000,0x00000000e0000000,0x00000000e7c80000)
  from space 16384K, 20% used [0x00000000e7c80000,0x00000000e7fd07f0,0x00000000e8c80000)
  to   space 16384K, 0% used [0x00000000eaa80000,0x00000000eaa80000,0x00000000eba80000)
 ParOldGen       total 57856K, used 45923K [0x00000000a0000000, 0x00000000a3880000, 0x00000000e0000000)
  object space 57856K, 79% used [0x00000000a0000000,0x00000000a2cd8dc8,0x00000000a3880000)
 Metaspace       used 57512K, capacity 59232K, committed 59360K, reserved 1099776K
  class space    used 7783K, capacity 8195K, committed 8268K, reserved 1048576K
}
Event: 19.950 GC heap before
{Heap before GC invocations=20 (full 3):
 PSYoungGen      total 143872K, used 3393K [0x00000000e0000000, 0x00000000eba80000, 0x0000000100000000)
  eden space 127488K, 0% used [0x00000000e0000000,0x00000000e0000000,0x00000000e7c80000)
  from space 16384K, 20% used [0x00000000e7c80000,0x00000000e7fd07f0,0x00000000e8c80000)
  to   space 16384K, 0% used [0x00000000eaa80000,0x00000000eaa80000,0x00000000eba80000)
 ParOldGen       total 57856K, used 45923K [0x00000000a0000000, 0x00000000a3880000, 0x00000000e0000000)
  object space 57856K, 79% used [0x00000000a0000000,0x00000000a2cd8dc8,0x00000000a3880000)
 Metaspace       used 57512K, capacity 59232K, committed 59360K, reserved 1099776K
  class space    used 7783K, capacity 8195K, committed 8268K, reserved 1048576K
Event: 20.254 GC heap after
Heap after GC invocations=20 (full 3):
 PSYoungGen      total 143872K, used 0K [0x00000000e0000000, 0x00000000eba80000, 0x0000000100000000)
  eden space 127488K, 0% used [0x00000000e0000000,0x00000000e0000000,0x00000000e7c80000)
  from space 16384K, 0% used [0x00000000e7c80000,0x00000000e7c80000,0x00000000e8c80000)
  to   space 16384K, 0% used [0x00000000eaa80000,0x00000000eaa80000,0x00000000eba80000)
 ParOldGen       total 100352K, used 41100K [0x00000000a0000000, 0x00000000a6200000, 0x00000000e0000000)
  object space 100352K, 40% used [0x00000000a0000000,0x00000000a2823200,0x00000000a6200000)
 Metaspace       used 57512K, capacity 59232K, committed 59360K, reserved 1099776K
  class space    used 7783K, capacity 8195K, committed 8268K, reserved 1048576K
}

Deoptimization events (10 events):
Event: 19.411 Thread 0x000000001d6c5000 Uncommon trap: reason=null_assert action=make_not_entrant pc=0x0000000002c7b7f4 method=com.google.common.cache.LocalCache.processPendingNotifications()V @ 9
Event: 19.509 Thread 0x000000001d6c0000 Uncommon trap: reason=unstable_if action=reinterpret pc=0x000000000367e560 method=sun.nio.fs.WindowsPathParser.nextNonSlash(Ljava/lang/String;II)I @ 2
Event: 19.631 Thread 0x000000001d6c0000 Uncommon trap: reason=bimorphic action=maybe_recompile pc=0x00000000034fc418 method=java.io.DataInputStream.readUnsignedShort()I @ 4
Event: 19.683 Thread 0x000000001d6c0000 Uncommon trap: reason=class_check action=maybe_recompile pc=0x0000000002e8b3c0 method=java.lang.Throwable.<init>(Ljava/lang/String;Ljava/lang/Throwable;)V @ 24
Event: 19.846 Thread 0x000000001d6c1800 Uncommon trap: reason=unstable_if action=reinterpret pc=0x000000000346de1c method=java.lang.Integer.compare(II)I @ 11
Event: 19.846 Thread 0x000000001d6c1800 Uncommon trap: reason=unstable_if action=reinterpret pc=0x0000000002f35610 method=java.lang.Integer.compare(II)I @ 11
Event: 19.906 Thread 0x000000001d6c0000 Uncommon trap: reason=class_check action=maybe_recompile pc=0x0000000002c80d38 method=java.util.zip.InflaterInputStream.read([BII)I @ 100
Event: 19.907 Thread 0x000000001d6c0000 Uncommon trap: reason=class_check action=maybe_recompile pc=0x0000000002c80d38 method=java.util.zip.InflaterInputStream.read([BII)I @ 100
Event: 19.908 Thread 0x000000001d6c0000 Uncommon trap: reason=class_check action=maybe_recompile pc=0x0000000002c80d38 method=java.util.zip.InflaterInputStream.read([BII)I @ 100
Event: 19.908 Thread 0x000000001d6c0000 Uncommon trap: reason=class_check action=maybe_recompile pc=0x0000000002c80d38 method=java.util.zip.InflaterInputStream.read([BII)I @ 100

Classes redefined (0 events):
No events

Internal exceptions (10 events):
Event: 17.985 Thread 0x0000000018e4c000 Exception <a 'java/lang/NoSuchMethodError': <clinit>> (0x00000000e5d50b88) thrown at [D:\src\AOSP-openjdk-cygwin\jdk8u\hotspot\src\share\vm\prims\jni.cpp, line 1613]
Event: 18.132 Thread 0x000000001d6c5000 Exception <a 'java/lang/NoSuchMethodError': <clinit>> (0x00000000e41b3390) thrown at [D:\src\AOSP-openjdk-cygwin\jdk8u\hotspot\src\share\vm\prims\jni.cpp, line 1613]
Event: 18.134 Thread 0x000000001d6c5000 Exception <a 'java/lang/NoSuchMethodError': <clinit>> (0x00000000e41bcf38) thrown at [D:\src\AOSP-openjdk-cygwin\jdk8u\hotspot\src\share\vm\prims\jni.cpp, line 1613]
Event: 18.137 Thread 0x000000001d6c5000 Exception <a 'java/lang/NoSuchMethodError': <clinit>> (0x00000000e61fd160) thrown at [D:\src\AOSP-openjdk-cygwin\jdk8u\hotspot\src\share\vm\prims\jni.cpp, line 1613]
Event: 18.138 Thread 0x000000001d6c5000 Exception <a 'java/lang/NoSuchMethodError': <clinit>> (0x00000000e6208098) thrown at [D:\src\AOSP-openjdk-cygwin\jdk8u\hotspot\src\share\vm\prims\jni.cpp, line 1613]
Event: 19.486 Thread 0x000000001d6c0000 Exception <a 'java/lang/NoSuchMethodError': java.lang.Object.newSystemTemporaryDirectory()Lcom/android/tools/build/apkzlib/bytestorage/TemporaryDirectory;> (0x00000000e223b8d8) thrown at [D:\src\AOSP-openjdk-cygwin\jdk8u\hotspot\src\share\vm\interpreter\l
Event: 19.644 Thread 0x000000001d6c0000 Exception <a 'java/lang/ClassNotFoundException': org/gradle/api/plugins/JavaPluginConventionBeanInfo> (0x00000000e28b8a08) thrown at [D:\src\AOSP-openjdk-cygwin\jdk8u\hotspot\src\share\vm\classfile\systemDictionary.cpp, line 210]
Event: 19.646 Thread 0x000000001d6c0000 Exception <a 'java/lang/ClassNotFoundException': org/gradle/api/plugins/JavaPluginConventionCustomizer> (0x00000000e28f3d08) thrown at [D:\src\AOSP-openjdk-cygwin\jdk8u\hotspot\src\share\vm\classfile\systemDictionary.cpp, line 210]
Event: 19.686 Thread 0x000000001d6c0000 Exception <a 'java/lang/NoSuchMethodError': java.lang.Object.lambda$comparing$ea9a8b3a$1(Ljava/util/Comparator;Ljava/util/function/Function;Ljava/lang/Object;Ljava/lang/Object;)I> (0x00000000e2a972d8) thrown at [D:\src\AOSP-openjdk-cygwin\jdk8u\hotspot\sr
Event: 19.754 Thread 0x000000001d6c0000 Exception <a 'java/lang/NoSuchMethodError': java.lang.Object.lambda$or$2(Ljava/util/function/Predicate;Ljava/lang/Object;)Z> (0x00000000e0031428) thrown at [D:\src\AOSP-openjdk-cygwin\jdk8u\hotspot\src\share\vm\interpreter\linkResolver.cpp, line 584]

Events (10 events):
Event: 20.254 Executing VM operation: RevokeBias done
Event: 20.254 Executing VM operation: RevokeBias
Event: 20.254 Executing VM operation: RevokeBias done
Event: 20.254 Executing VM operation: RevokeBias
Event: 20.255 Executing VM operation: RevokeBias done
Event: 20.255 Executing VM operation: BulkRevokeBias
Event: 20.255 Executing VM operation: BulkRevokeBias done
Event: 20.255 Executing VM operation: RevokeBias
Event: 20.255 Executing VM operation: RevokeBias done
Event: 20.255 Thread 0x000000001d6c1800 Thread exited: 0x000000001d6c1800


Dynamic libraries:
0x00007ff68c740000 - 0x00007ff68c771000 	D:\AndroidStudio\jre\bin\java.exe
0x00007ffff8980000 - 0x00007ffff8b41000 	C:\Windows\SYSTEM32\ntdll.dll
0x00007ffff5ec0000 - 0x00007ffff5f6d000 	C:\Windows\system32\KERNEL32.DLL
0x00007ffff5990000 - 0x00007ffff5b78000 	C:\Windows\system32\KERNELBASE.dll
0x00007ffff7540000 - 0x00007ffff75e7000 	C:\Windows\system32\ADVAPI32.dll
0x00007ffff7e10000 - 0x00007ffff7ead000 	C:\Windows\system32\msvcrt.dll
0x00007ffff5f70000 - 0x00007ffff5fcb000 	C:\Windows\system32\sechost.dll
0x00007ffff7cf0000 - 0x00007ffff7e0c000 	C:\Windows\system32\RPCRT4.dll
0x00007ffff5d50000 - 0x00007ffff5ea6000 	C:\Windows\system32\USER32.dll
0x00007ffff7a20000 - 0x00007ffff7ba6000 	C:\Windows\system32\GDI32.dll
0x00007fffd8c90000 - 0x00007fffd8f04000 	C:\Windows\WinSxS\amd64_microsoft.windows.common-controls_6595b64144ccf1df_6.0.10586.0_none_8c15ae12515e1c22\COMCTL32.dll
0x00007ffff86d0000 - 0x00007ffff894d000 	C:\Windows\system32\combase.dll
0x00007ffff5920000 - 0x00007ffff598a000 	C:\Windows\system32\bcryptPrimitives.dll
0x00007ffff7eb0000 - 0x00007ffff7eeb000 	C:\Windows\system32\IMM32.DLL
0x000000005adb0000 - 0x000000005ae82000 	D:\AndroidStudio\jre\jre\bin\msvcr100.dll
0x0000000059070000 - 0x00000000598b1000 	D:\AndroidStudio\jre\jre\bin\server\jvm.dll
0x00007ffff7860000 - 0x00007ffff7868000 	C:\Windows\system32\PSAPI.DLL
0x00007fffe9920000 - 0x00007fffe992a000 	C:\Windows\SYSTEM32\VERSION.dll
0x00007fffea0b0000 - 0x00007fffea0b9000 	C:\Windows\SYSTEM32\WSOCK32.dll
0x00007ffff3700000 - 0x00007ffff3723000 	C:\Windows\SYSTEM32\WINMM.dll
0x00007ffff7c80000 - 0x00007ffff7ceb000 	C:\Windows\system32\WS2_32.dll
0x0000000002480000 - 0x00000000024ac000 	C:\Windows\SYSTEM32\WINMMBASE.dll
0x00007ffff5000000 - 0x00007ffff5043000 	C:\Windows\system32\cfgmgr32.dll
0x00007ffff31e0000 - 0x00007ffff31ef000 	D:\AndroidStudio\jre\jre\bin\verify.dll
0x00007fffea0d0000 - 0x00007fffea0f9000 	D:\AndroidStudio\jre\jre\bin\java.dll
0x00007fffe92e0000 - 0x00007fffe92f6000 	D:\AndroidStudio\jre\jre\bin\zip.dll
0x00007ffff5fd0000 - 0x00007ffff752c000 	C:\Windows\system32\SHELL32.dll
0x00007ffff5240000 - 0x00007ffff5885000 	C:\Windows\system32\windows.storage.dll
0x00007ffff7c20000 - 0x00007ffff7c72000 	C:\Windows\system32\shlwapi.dll
0x00007ffff4fe0000 - 0x00007ffff4fef000 	C:\Windows\system32\kernel.appcore.dll
0x00007ffff5c90000 - 0x00007ffff5d45000 	C:\Windows\system32\shcore.dll
0x00007ffff4f70000 - 0x00007ffff4fbb000 	C:\Windows\system32\powrprof.dll
0x00007ffff4fc0000 - 0x00007ffff4fd4000 	C:\Windows\system32\profapi.dll
0x00007fffe6e40000 - 0x00007fffe6e5a000 	D:\AndroidStudio\jre\jre\bin\net.dll
0x00007ffff4870000 - 0x00007ffff48cc000 	C:\Windows\system32\mswsock.dll
0x00007fffdcdf0000 - 0x00007fffdce01000 	D:\AndroidStudio\jre\jre\bin\nio.dll
0x00007fffd56f0000 - 0x00007fffd570e000 	C:\Users\Administrator\.gradle\native\25\windows-amd64\native-platform.dll
0x00007ffff31d0000 - 0x00007ffff31dd000 	D:\AndroidStudio\jre\jre\bin\management.dll
0x00007ffff4920000 - 0x00007ffff4937000 	C:\Windows\SYSTEM32\CRYPTSP.dll
0x00007ffff45b0000 - 0x00007ffff45e4000 	C:\Windows\system32\rsaenh.dll
0x00007ffff4b40000 - 0x00007ffff4b69000 	C:\Windows\SYSTEM32\bcrypt.dll
0x00007ffff4700000 - 0x00007ffff471f000 	C:\Windows\SYSTEM32\USERENV.dll
0x00007ffff4a40000 - 0x00007ffff4a4b000 	C:\Windows\SYSTEM32\CRYPTBASE.dll
0x00007ffff1bf0000 - 0x00007ffff1c28000 	C:\Windows\SYSTEM32\IPHLPAPI.DLL
0x00007ffff7530000 - 0x00007ffff7538000 	C:\Windows\system32\NSI.dll
0x00007fffeff70000 - 0x00007fffeff86000 	C:\Windows\SYSTEM32\dhcpcsvc6.DLL
0x00007fffeff50000 - 0x00007fffeff6a000 	C:\Windows\SYSTEM32\dhcpcsvc.DLL
0x00007ffff1730000 - 0x00007ffff18bc000 	C:\Windows\SYSTEM32\dbghelp.dll

VM Arguments:
jvm_args: -Xmx1536m -Dfile.encoding=GBK -Duser.country=CN -Duser.language=zh -Duser.variant 
java_command: org.gradle.launcher.daemon.bootstrap.GradleDaemon 4.6
java_class_path (initial): C:\Users\Administrator\.gradle\wrapper\dists\gradle-4.6-all\bcst21l2brirad8k2ben1letg\gradle-4.6\lib\gradle-launcher-4.6.jar
Launcher Type: SUN_STANDARD

Environment Variables:
JAVA_HOME=D:\Java\jdk1.8.0_77
CLASSPATH=.;D:\Java\jdk1.8.0_77\lib\tools.jar;D:\Java\jdk1.8.0_77\lib\dt.jar;
PATH=D:\Java\jdk1.8.0_77\bin;D:\Java\jdk1.8.0_77\jre\bin;D:\ApacheMaven\apache-maven-3.6.0\bin;C:\ProgramData\Oracle\Java\javapath;C:\Windows\system32;C:\Windows;C:\Windows\System32\Wbem;C:\Windows\System32\WindowsPowerShell\v1.0\;D:\Tomcat8.0\apache-tomcat-8.5.34\lib;D:\Tomcat8.0\apache-tomcat-8.5.34\bin;D:\MicrosoftSQLServer\120\DTS\Binn\;D:\MicrosoftSQLServer\Client SDK\ODBC\110\Tools\Binn\;D:\MicrosoftSQLServerx86\120\Tools\Binn\;D:\MicrosoftSQLServer\120\Tools\Binn\;D:\MicrosoftSQLServerx86\120\Tools\Binn\ManagementStudio\;D:\MicrosoftSQLServerx86\120\DTS\Binn\;D:\MySQL\MySQLServer5.1\bin;C:\Program Files\Microsoft\Web Platform Installer\;C:\Program Files (x86)\Microsoft ASP.NET\ASP.NET Web Pages\v1.0\;C:\Program Files (x86)\Windows Kits\8.0\Windows Performance Toolkit\;D:\MicrosoftSQLServer\110\Tools\Binn\;D:\Git\Git\cmd;D:\RationalRose\Common;D:\TortoiseSVN\bin;D:\Java\jdk1.8.0_77\bin
USERNAME=Administrator
OS=Windows_NT
PROCESSOR_IDENTIFIER=Intel64 Family 6 Model 61 Stepping 4, GenuineIntel



---------------  S Y S T E M  ---------------

OS: Windows 10.0 , 64 bit Build 10586 (10.0.10586.0)

CPU:total 4 (initial active 4) (2 cores per cpu, 2 threads per core) family 6 model 61 stepping 4, cmov, cx8, fxsr, mmx, sse, sse2, sse3, ssse3, sse4.1, sse4.2, popcnt, avx, avx2, aes, clmul, erms, 3dnowpref, lzcnt, ht, tsc, tscinvbit, bmi1, bmi2, adx

Memory: 4k page, physical 4091432k(781700k free), swap 9072168k(3698880k free)

vm_info: OpenJDK 64-Bit Server VM (25.152-b06) for windows-amd64 JRE (1.8.0_152-release-1136-b06), built by "builder" with MS VC++ 10.0 (VS2010)

time: Wed Apr 03 11:12:50 2019
elapsed time: 20 seconds (0d 0h 0m 20s)

