#
# A fatal error has been detected by the Java Runtime Environment:
#
#  EXCEPTION_ACCESS_VIOLATION (0xc0000005) at pc=0x000000005558a940, pid=6120, tid=0x000000000000064c
#
# JRE version: OpenJDK Runtime Environment (8.0_152-b06) (build 1.8.0_152-release-1136-b06)
# Java VM: OpenJDK 64-Bit Server VM (25.152-b06 mixed mode windows-amd64 compressed oops)
# Problematic frame:
# V  [jvm.dll+0x8a940]
#
# Failed to write core dump. Minidumps are not enabled by default on client versions of Windows
#
# If you would like to submit a bug report, please visit:
#   http://bugreport.java.com/bugreport/crash.jsp
#

---------------  T H R E A D  ---------------

Current thread (0x00000000024fa800):  GCTaskThread [stack: 0x0000000012130000,0x0000000012230000] [id=1612]

siginfo: ExceptionCode=0xc0000005, reading address 0x0000000101000770

Registers:
RAX=0x0000000000000001, RBX=0x00000000ebf9bd50, RCX=0x00000000ebf9bd50, RDX=0x0000000101000768
RSP=0x000000001222f818, RBP=0x0000000011a2cc81, RSI=0x0000000015f93380, RDI=0x00000000a1986200
R8 =0x0000000015f93380, R9 =0x000000000000000a, R10=0x0000000000000008, R11=0x00000000ef7d1050
R12=0x0000000011a2cc2c, R13=0x0000000000000011, R14=0x0000000000000000, R15=0x00000000024f26e0
RIP=0x000000005558a940, EFLAGS=0x0000000000010202

Top of Stack: (sp=0x000000001222f818)
0x000000001222f818:   00000000558cca32 00000000ebf9bd40
0x000000001222f828:   0000000000000002 0000000015f93380
0x000000001222f838:   00000000ed103958 00000000ef7c9060
0x000000001222f848:   0000000000001000 0000000015f93380
0x000000001222f858:   00000000555ed903 0000000000000000
0x000000001222f868:   0000000015f93300 0000000011a2cc2c
0x000000001222f878:   00000000558ccda0 00000000ef7cc534
0x000000001222f888:   0000000011a2cc81 0000000015f93380
0x000000001222f898:   00000000a1986200 00000000ef7cc534
0x000000001222f8a8:   00000000558cd945 00000000ebe60010
0x000000001222f8b8:   0000000011a2868b 0000000015f93380
0x000000001222f8c8:   0000000000000003 0000000015f93380
0x000000001222f8d8:   00000000555c6e7a 00000000a1809f34
0x000000001222f8e8:   00000000555ef830 0000000015f93380
0x000000001222f8f8:   00000000555ed903 00000000a1985f81
0x000000001222f908:   00000000a1985f81 00000000a1986070 

Instructions: (pc=0x000000005558a940)
0x000000005558a920:   ac 50 1d 00 48 8b 9c 24 c0 00 00 00 48 81 c4 b0
0x000000005558a930:   00 00 00 5d c3 cc cc cc cc cc cc cc cc cc cc cc
0x000000005558a940:   44 8b 42 08 4c 8b ca 45 85 c0 7e 0e 41 f6 c0 01
0x000000005558a950:   75 57 41 c1 f8 03 41 8b c0 c3 79 4d 80 3d 9e 10 


Register to memory mapping:

RAX=0x0000000000000001 is an unknown value
RBX=0x00000000ebf9bd50 is an oop

[error occurred during error reporting (printing register info), id 0xc0000005]

Stack: [0x0000000012130000,0x0000000012230000],  sp=0x000000001222f818,  free space=1022k
Native frames: (J=compiled Java code, j=interpreted, Vv=VM code, C=native code)
V  [jvm.dll+0x8a940]


---------------  P R O C E S S  ---------------

Java Threads: ( => current thread )
  0x0000000019451800 JavaThread "pool-7-thread-1" [_thread_blocked, id=4492, stack(0x0000000025ae0000,0x0000000025be0000)]
  0x000000001944e800 JavaThread "stdout" [_thread_in_native, id=6416, stack(0x00000000259e0000,0x0000000025ae0000)]
  0x0000000019447000 JavaThread "stderr" [_thread_in_native, id=4648, stack(0x00000000258e0000,0x00000000259e0000)]
  0x000000001944b800 JavaThread "pool-6-thread-1" [_thread_blocked, id=8952, stack(0x00000000257e0000,0x00000000258e0000)]
  0x0000000019448800 JavaThread "ForkJoinPool.commonPool-worker-2" daemon [_thread_blocked, id=7724, stack(0x00000000256e0000,0x00000000257e0000)]
  0x000000001ca50000 JavaThread "Task worker for ':' Thread 3" [_thread_blocked, id=780, stack(0x00000000255e0000,0x00000000256e0000)]
  0x000000001ca4f800 JavaThread "Task worker for ':' Thread 2" [_thread_blocked, id=4624, stack(0x00000000254e0000,0x00000000255e0000)]
  0x000000001ca4e800 JavaThread "Task worker for ':'" [_thread_blocked, id=1744, stack(0x00000000253e0000,0x00000000254e0000)]
  0x000000001ca47000 JavaThread "Cache worker for Build Output Cleanup Cache (E:\AndroidStudio_project\homework_03\.gradle\buildOutputCleanup)" [_thread_blocked, id=10660, stack(0x00000000252e0000,0x00000000253e0000)]
  0x000000001ca4e000 JavaThread "Cache worker for task history cache (E:\AndroidStudio_project\homework_03\.gradle\4.6\taskHistory)" [_thread_blocked, id=10452, stack(0x00000000251e0000,0x00000000252e0000)]
  0x000000001ca46800 JavaThread "Cache worker for file content cache (E:\AndroidStudio_project\homework_03\.gradle\4.6\fileContent)" [_thread_blocked, id=9844, stack(0x00000000250e0000,0x00000000251e0000)]
  0x000000001ca4d000 JavaThread "Build operations Thread 4" [_thread_blocked, id=11252, stack(0x0000000024fe0000,0x00000000250e0000)]
  0x000000001ca4b800 JavaThread "Build operations Thread 3" [_thread_blocked, id=2912, stack(0x0000000024ee0000,0x0000000024fe0000)]
  0x000000001ca4c800 JavaThread "Build operations Thread 2" [_thread_blocked, id=5604, stack(0x0000000024de0000,0x0000000024ee0000)]
  0x000000001ca44000 JavaThread "Build operations" [_thread_blocked, id=6672, stack(0x0000000024ce0000,0x0000000024de0000)]
  0x000000001ca4b000 JavaThread "Cache worker for Artifact transforms cache (C:\Users\Administrator\.gradle\caches\transforms-1)" [_thread_blocked, id=10592, stack(0x0000000024be0000,0x0000000024ce0000)]
  0x000000001ca48800 JavaThread "Cache worker for file hash cache (E:\AndroidStudio_project\homework_03\.gradle\4.6\fileHashes)" [_thread_blocked, id=2520, stack(0x0000000024ae0000,0x0000000024be0000)]
  0x000000001ca45800 JavaThread "Stdin handler" [_thread_blocked, id=8988, stack(0x00000000249e0000,0x0000000024ae0000)]
  0x000000001ca45000 JavaThread "Asynchronous log dispatcher for DefaultDaemonConnection: socket connection from /127.0.0.1:1310 to /127.0.0.1:1378" [_thread_blocked, id=6404, stack(0x00000000248e0000,0x00000000249e0000)]
  0x000000001ca48000 JavaThread "Cancel handler" [_thread_blocked, id=9084, stack(0x00000000247e0000,0x00000000248e0000)]
  0x000000001ca41000 JavaThread "Handler for socket connection from /127.0.0.1:1310 to /127.0.0.1:1378" [_thread_in_native, id=11112, stack(0x00000000246e0000,0x00000000247e0000)]
  0x000000001ca43800 JavaThread "pool-1-thread-1" [_thread_blocked, id=5048, stack(0x00000000243e0000,0x00000000244e0000)]
  0x0000000019446000 JavaThread "Memory manager" [_thread_blocked, id=2092, stack(0x0000000021110000,0x0000000021210000)]
  0x0000000018fde800 JavaThread "File lock request listener" [_thread_in_native, id=8960, stack(0x000000001a5c0000,0x000000001a6c0000)]
  0x000000001900a000 JavaThread "Cache worker for file hash cache (C:\Users\Administrator\.gradle\caches\4.6\fileHashes)" [_thread_blocked, id=10764, stack(0x000000001a4c0000,0x000000001a5c0000)]
  0x0000000018e1d000 JavaThread "Daemon worker" [_thread_blocked, id=9608, stack(0x0000000019fc0000,0x000000001a0c0000)]
  0x0000000018f1d800 JavaThread "Daemon" [_thread_blocked, id=1636, stack(0x0000000019ac0000,0x0000000019bc0000)]
  0x0000000018f1f800 JavaThread "Daemon periodic checks" [_thread_blocked, id=7804, stack(0x00000000199c0000,0x0000000019ac0000)]
  0x0000000018efc000 JavaThread "Incoming local TCP Connector on port 1310" [_thread_in_native, id=8004, stack(0x0000000019860000,0x0000000019960000)]
  0x0000000017410000 JavaThread "Service Thread" daemon [_thread_blocked, id=10296, stack(0x0000000017c90000,0x0000000017d90000)]
  0x00000000173a0000 JavaThread "C1 CompilerThread2" daemon [_thread_blocked, id=6904, stack(0x0000000017b90000,0x0000000017c90000)]
  0x000000001602d000 JavaThread "C2 CompilerThread1" daemon [_thread_blocked, id=10596, stack(0x0000000017a90000,0x0000000017b90000)]
  0x0000000016029000 JavaThread "C2 CompilerThread0" daemon [_thread_blocked, id=11176, stack(0x0000000017990000,0x0000000017a90000)]
  0x0000000016028800 JavaThread "Attach Listener" daemon [_thread_blocked, id=9872, stack(0x0000000017890000,0x0000000017990000)]
  0x0000000017398800 JavaThread "Signal Dispatcher" daemon [_thread_blocked, id=11144, stack(0x0000000017790000,0x0000000017890000)]
  0x0000000015fb8800 JavaThread "Finalizer" daemon [_thread_blocked, id=4212, stack(0x0000000017230000,0x0000000017330000)]
  0x00000000025d0000 JavaThread "Reference Handler" daemon [_thread_blocked, id=9824, stack(0x0000000017130000,0x0000000017230000)]
  0x000000000265d800 JavaThread "main" [_thread_blocked, id=8356, stack(0x0000000002070000,0x0000000002170000)]

Other Threads:
  0x0000000015f96000 VMThread [stack: 0x0000000017030000,0x0000000017130000] [id=3856]
  0x0000000017422000 WatcherThread [stack: 0x0000000017d90000,0x0000000017e90000] [id=9860]

=>0x00000000024fa800 (exited) GCTaskThread [stack: 0x0000000012130000,0x0000000012230000] [id=1612]

VM state:at safepoint (normal execution)

VM Mutex/Monitor currently owned by a thread:  ([mutex/lock_event])
[0x000000000265c680] Threads_lock - owner thread: 0x0000000015f96000
[0x000000000265c700] Heap_lock - owner thread: 0x0000000019448800

Heap:
 PSYoungGen      total 211456K, used 205422K [0x00000000e0000000, 0x00000000f0680000, 0x0000000100000000)
  eden space 193024K, 99% used [0x00000000e0000000,0x00000000ebc604a8,0x00000000ebc80000)
  from space 18432K, 67% used [0x00000000ebc80000,0x00000000ec8bb360,0x00000000ece80000)
  to   space 18944K, 47% used [0x00000000ef400000,0x00000000efcc9cd0,0x00000000f0680000)
 ParOldGen       total 99328K, used 40401K [0x00000000a0000000, 0x00000000a6100000, 0x00000000e0000000)
  object space 99328K, 40% used [0x00000000a0000000,0x00000000a27745e8,0x00000000a6100000)
 Metaspace       used 64134K, capacity 66279K, committed 66520K, reserved 1107968K
  class space    used 8464K, capacity 8941K, committed 8960K, reserved 1048576K

Card table byte_map: [0x0000000011a20000,0x0000000011d30000] byte_map_base: 0x0000000011520000

Marking Bits: (ParMarkBitMap*) 0x0000000055cc5aa0
 Begin Bits: [0x0000000012330000, 0x0000000013b30000)
 End Bits:   [0x0000000013b30000, 0x0000000015330000)

Polling page: 0x00000000001f0000

CodeCache: size=245760Kb used=26055Kb max_used=26110Kb free=219705Kb
 bounds [0x0000000002660000, 0x0000000004010000, 0x0000000011660000]
 total_blobs=9022 nmethods=8223 adapters=711
 compilation: enabled

Compilation events (10 events):
Event: 80.412 Thread 0x00000000173a0000 9642       3       com.android.tools.build.apkzlib.bytestorage.ChunkBasedCloseableByteSource$$Lambda$360/1941278705::accept (15 bytes)
Event: 80.412 Thread 0x00000000173a0000 nmethod 9642 0x0000000002980290 code [0x0000000002980400, 0x0000000002980828]
Event: 80.413 Thread 0x00000000173a0000 9643  s    3       com.android.tools.build.apkzlib.bytestorage.LruTrackedCloseableByteSource::innerClose (14 bytes)
Event: 80.414 Thread 0x00000000173a0000 nmethod 9643 0x00000000038ce950 code [0x00000000038ceae0, 0x00000000038cf058]
Event: 80.415 Thread 0x00000000173a0000 9644  s    3       com.android.tools.build.apkzlib.bytestorage.LruTrackedCloseableByteSource::untrack (21 bytes)
Event: 80.415 Thread 0x00000000173a0000 nmethod 9644 0x0000000002b0ec10 code [0x0000000002b0ed80, 0x0000000002b0f0c8]
Event: 80.416 Thread 0x00000000173a0000 9645  s!   3       com.android.tools.build.apkzlib.bytestorage.SwitchableDelegateCloseableByteSource::innerClose (119 bytes)
Event: 80.417 Thread 0x00000000173a0000 nmethod 9645 0x0000000002b14090 code [0x0000000002b14320, 0x0000000002b157b8]
Event: 80.417 Thread 0x00000000173a0000 9646       3       com.android.tools.build.apkzlib.bytestorage.SwitchableDelegateCloseableByteSource$$Lambda$361/25922230::get$Lambda (9 bytes)
Event: 80.418 Thread 0x00000000173a0000 nmethod 9646 0x000000000384e5d0 code [0x000000000384e740, 0x000000000384e990]

GC Heap History (10 events):
Event: 21.756 GC heap after
Heap after GC invocations=14 (full 2):
 PSYoungGen      total 176640K, used 15856K [0x00000000e0000000, 0x00000000ec400000, 0x0000000100000000)
  eden space 160768K, 0% used [0x00000000e0000000,0x00000000e0000000,0x00000000e9d00000)
  from space 15872K, 99% used [0x00000000eaf80000,0x00000000ebefc240,0x00000000ebf00000)
  to   space 18944K, 0% used [0x00000000e9d00000,0x00000000e9d00000,0x00000000eaf80000)
 ParOldGen       total 61440K, used 34499K [0x00000000a0000000, 0x00000000a3c00000, 0x00000000e0000000)
  object space 61440K, 56% used [0x00000000a0000000,0x00000000a21b0ce8,0x00000000a3c00000)
 Metaspace       used 57371K, capacity 59011K, committed 59028K, reserved 1099776K
  class space    used 7770K, capacity 8175K, committed 8192K, reserved 1048576K
}
Event: 21.756 GC heap before
{Heap before GC invocations=15 (full 3):
 PSYoungGen      total 176640K, used 15856K [0x00000000e0000000, 0x00000000ec400000, 0x0000000100000000)
  eden space 160768K, 0% used [0x00000000e0000000,0x00000000e0000000,0x00000000e9d00000)
  from space 15872K, 99% used [0x00000000eaf80000,0x00000000ebefc240,0x00000000ebf00000)
  to   space 18944K, 0% used [0x00000000e9d00000,0x00000000e9d00000,0x00000000eaf80000)
 ParOldGen       total 61440K, used 34499K [0x00000000a0000000, 0x00000000a3c00000, 0x00000000e0000000)
  object space 61440K, 56% used [0x00000000a0000000,0x00000000a21b0ce8,0x00000000a3c00000)
 Metaspace       used 57371K, capacity 59011K, committed 59028K, reserved 1099776K
  class space    used 7770K, capacity 8175K, committed 8192K, reserved 1048576K
Event: 22.023 GC heap after
Heap after GC invocations=15 (full 3):
 PSYoungGen      total 176640K, used 0K [0x00000000e0000000, 0x00000000ec400000, 0x0000000100000000)
  eden space 160768K, 0% used [0x00000000e0000000,0x00000000e0000000,0x00000000e9d00000)
  from space 15872K, 0% used [0x00000000eaf80000,0x00000000eaf80000,0x00000000ebf00000)
  to   space 18944K, 0% used [0x00000000e9d00000,0x00000000e9d00000,0x00000000eaf80000)
 ParOldGen       total 99328K, used 40369K [0x00000000a0000000, 0x00000000a6100000, 0x00000000e0000000)
  object space 99328K, 40% used [0x00000000a0000000,0x00000000a276c5e8,0x00000000a6100000)
 Metaspace       used 57371K, capacity 59011K, committed 59028K, reserved 1099776K
  class space    used 7770K, capacity 8175K, committed 8192K, reserved 1048576K
}
Event: 26.019 GC heap before
{Heap before GC invocations=16 (full 3):
 PSYoungGen      total 176640K, used 160067K [0x00000000e0000000, 0x00000000ec400000, 0x0000000100000000)
  eden space 160768K, 99% used [0x00000000e0000000,0x00000000e9c50c70,0x00000000e9d00000)
  from space 15872K, 0% used [0x00000000eaf80000,0x00000000eaf80000,0x00000000ebf00000)
  to   space 18944K, 0% used [0x00000000e9d00000,0x00000000e9d00000,0x00000000eaf80000)
 ParOldGen       total 99328K, used 40369K [0x00000000a0000000, 0x00000000a6100000, 0x00000000e0000000)
  object space 99328K, 40% used [0x00000000a0000000,0x00000000a276c5e8,0x00000000a6100000)
 Metaspace       used 59711K, capacity 61597K, committed 61784K, reserved 1101824K
  class space    used 8052K, capacity 8494K, committed 8576K, reserved 1048576K
Event: 26.032 GC heap after
Heap after GC invocations=16 (full 3):
 PSYoungGen      total 179712K, used 5322K [0x00000000e0000000, 0x00000000ee080000, 0x0000000100000000)
  eden space 160768K, 0% used [0x00000000e0000000,0x00000000e0000000,0x00000000e9d00000)
  from space 18944K, 28% used [0x00000000e9d00000,0x00000000ea232980,0x00000000eaf80000)
  to   space 18432K, 0% used [0x00000000ece80000,0x00000000ece80000,0x00000000ee080000)
 ParOldGen       total 99328K, used 40377K [0x00000000a0000000, 0x00000000a6100000, 0x00000000e0000000)
  object space 99328K, 40% used [0x00000000a0000000,0x00000000a276e5e8,0x00000000a6100000)
 Metaspace       used 59711K, capacity 61597K, committed 61784K, reserved 1101824K
  class space    used 8052K, capacity 8494K, committed 8576K, reserved 1048576K
}
Event: 26.457 GC heap before
{Heap before GC invocations=17 (full 3):
 PSYoungGen      total 179712K, used 166090K [0x00000000e0000000, 0x00000000ee080000, 0x0000000100000000)
  eden space 160768K, 100% used [0x00000000e0000000,0x00000000e9d00000,0x00000000e9d00000)
  from space 18944K, 28% used [0x00000000e9d00000,0x00000000ea232980,0x00000000eaf80000)
  to   space 18432K, 0% used [0x00000000ece80000,0x00000000ece80000,0x00000000ee080000)
 ParOldGen       total 99328K, used 40377K [0x00000000a0000000, 0x00000000a6100000, 0x00000000e0000000)
  object space 99328K, 40% used [0x00000000a0000000,0x00000000a276e5e8,0x00000000a6100000)
 Metaspace       used 59839K, capacity 61689K, committed 61784K, reserved 1101824K
  class space    used 8070K, capacity 8500K, committed 8576K, reserved 1048576K
Event: 26.466 GC heap after
Heap after GC invocations=17 (full 3):
 PSYoungGen      total 211456K, used 2756K [0x00000000e0000000, 0x00000000ee600000, 0x0000000100000000)
  eden space 193024K, 0% used [0x00000000e0000000,0x00000000e0000000,0x00000000ebc80000)
  from space 18432K, 14% used [0x00000000ece80000,0x00000000ed1310b0,0x00000000ee080000)
  to   space 18432K, 0% used [0x00000000ebc80000,0x00000000ebc80000,0x00000000ece80000)
 ParOldGen       total 99328K, used 40385K [0x00000000a0000000, 0x00000000a6100000, 0x00000000e0000000)
  object space 99328K, 40% used [0x00000000a0000000,0x00000000a27705e8,0x00000000a6100000)
 Metaspace       used 59839K, capacity 61689K, committed 61784K, reserved 1101824K
  class space    used 8070K, capacity 8500K, committed 8576K, reserved 1048576K
}
Event: 80.370 GC heap before
{Heap before GC invocations=18 (full 3):
 PSYoungGen      total 211456K, used 194984K [0x00000000e0000000, 0x00000000ee600000, 0x0000000100000000)
  eden space 193024K, 99% used [0x00000000e0000000,0x00000000ebbb8fa0,0x00000000ebc80000)
  from space 18432K, 14% used [0x00000000ece80000,0x00000000ed1310b0,0x00000000ee080000)
  to   space 18432K, 0% used [0x00000000ebc80000,0x00000000ebc80000,0x00000000ece80000)
 ParOldGen       total 99328K, used 40385K [0x00000000a0000000, 0x00000000a6100000, 0x00000000e0000000)
  object space 99328K, 40% used [0x00000000a0000000,0x00000000a27705e8,0x00000000a6100000)
 Metaspace       used 64129K, capacity 66279K, committed 66520K, reserved 1107968K
  class space    used 8464K, capacity 8941K, committed 8960K, reserved 1048576K
Event: 80.386 GC heap after
Heap after GC invocations=18 (full 3):
 PSYoungGen      total 211456K, used 12524K [0x00000000e0000000, 0x00000000f0680000, 0x0000000100000000)
  eden space 193024K, 0% used [0x00000000e0000000,0x00000000e0000000,0x00000000ebc80000)
  from space 18432K, 67% used [0x00000000ebc80000,0x00000000ec8bb360,0x00000000ece80000)
  to   space 18944K, 0% used [0x00000000ef400000,0x00000000ef400000,0x00000000f0680000)
 ParOldGen       total 99328K, used 40393K [0x00000000a0000000, 0x00000000a6100000, 0x00000000e0000000)
  object space 99328K, 40% used [0x00000000a0000000,0x00000000a27725e8,0x00000000a6100000)
 Metaspace       used 64129K, capacity 66279K, committed 66520K, reserved 1107968K
  class space    used 8464K, capacity 8941K, committed 8960K, reserved 1048576K
}
Event: 80.420 GC heap before
{Heap before GC invocations=19 (full 3):
 PSYoungGen      total 211456K, used 205422K [0x00000000e0000000, 0x00000000f0680000, 0x0000000100000000)
  eden space 193024K, 99% used [0x00000000e0000000,0x00000000ebc604a8,0x00000000ebc80000)
  from space 18432K, 67% used [0x00000000ebc80000,0x00000000ec8bb360,0x00000000ece80000)
  to   space 18944K, 0% used [0x00000000ef400000,0x00000000ef400000,0x00000000f0680000)
 ParOldGen       total 99328K, used 40393K [0x00000000a0000000, 0x00000000a6100000, 0x00000000e0000000)
  object space 99328K, 40% used [0x00000000a0000000,0x00000000a27725e8,0x00000000a6100000)
 Metaspace       used 64134K, capacity 66279K, committed 66520K, reserved 1107968K
  class space    used 8464K, capacity 8941K, committed 8960K, reserved 1048576K

Deoptimization events (10 events):
Event: 78.969 Thread 0x0000000018e1d000 Uncommon trap: reason=class_check action=maybe_recompile pc=0x0000000003b6f3d8 method=java.util.Spliterators$IteratorSpliterator.tryAdvance(Ljava/util/function/Consumer;)Z @ 50
Event: 78.969 Thread 0x0000000018e1d000 Uncommon trap: reason=class_check action=maybe_recompile pc=0x0000000003b6f3d8 method=java.util.Spliterators$IteratorSpliterator.tryAdvance(Ljava/util/function/Consumer;)Z @ 50
Event: 78.970 Thread 0x0000000018e1d000 Uncommon trap: reason=class_check action=maybe_recompile pc=0x0000000003b6f3d8 method=java.util.Spliterators$IteratorSpliterator.tryAdvance(Ljava/util/function/Consumer;)Z @ 50
Event: 78.971 Thread 0x0000000018e1d000 Uncommon trap: reason=class_check action=maybe_recompile pc=0x0000000003b77128 method=java.util.Spliterators$IteratorSpliterator.tryAdvance(Ljava/util/function/Consumer;)Z @ 50
Event: 79.926 Thread 0x000000001ca45000 Uncommon trap: reason=unstable_if action=reinterpret pc=0x0000000003d6f9cc method=com.esotericsoftware.kryo.io.Output.writeLong(JZ)I @ 55
Event: 80.203 Thread 0x000000001ca4e800 Uncommon trap: reason=array_check action=maybe_recompile pc=0x0000000003f5a4f4 method=java.util.TimSort.binarySort([Ljava/lang/Object;IIILjava/util/Comparator;)V @ 183
Event: 80.235 Thread 0x0000000019448800 Uncommon trap: reason=class_check action=maybe_recompile pc=0x00000000030cb300 method=java.lang.Throwable.<init>(Ljava/lang/String;Ljava/lang/Throwable;)V @ 24
Event: 80.238 Thread 0x0000000019448800 Uncommon trap: reason=class_check action=maybe_recompile pc=0x0000000003c26f84 method=com.android.tools.build.apkzlib.zip.ZipField.checkVerifiesInvariants(J)V @ 25
Event: 80.266 Thread 0x0000000019448800 Uncommon trap: reason=predicate action=maybe_recompile pc=0x0000000003f95ba8 method=com.google.common.collect.RegularImmutableMap.fromEntryArray(I[Ljava/util/Map$Entry;)Lcom/google/common/collect/RegularImmutableMap; @ 62
Event: 80.270 Thread 0x0000000019448800 Uncommon trap: reason=class_check action=maybe_recompile pc=0x0000000003c26f84 method=com.android.tools.build.apkzlib.zip.ZipField.checkVerifiesInvariants(J)V @ 25

Classes redefined (0 events):
No events

Internal exceptions (10 events):
Event: 27.817 Thread 0x0000000018f1d800 Exception <a 'java/lang/NoSuchMethodError': <clinit>> (0x00000000e2edf490) thrown at [D:\src\AOSP-openjdk-cygwin\jdk8u\hotspot\src\share\vm\prims\jni.cpp, line 1613]
Event: 27.818 Thread 0x0000000018f1d800 Exception <a 'java/lang/NoSuchMethodError': <clinit>> (0x00000000e2ee8b48) thrown at [D:\src\AOSP-openjdk-cygwin\jdk8u\hotspot\src\share\vm\prims\jni.cpp, line 1613]
Event: 27.822 Thread 0x0000000018f1d800 Exception <a 'java/lang/NoSuchMethodError': <clinit>> (0x00000000e2f04440) thrown at [D:\src\AOSP-openjdk-cygwin\jdk8u\hotspot\src\share\vm\prims\jni.cpp, line 1613]
Event: 27.823 Thread 0x0000000018f1d800 Exception <a 'java/lang/NoSuchMethodError': <clinit>> (0x00000000e2f147f8) thrown at [D:\src\AOSP-openjdk-cygwin\jdk8u\hotspot\src\share\vm\prims\jni.cpp, line 1613]
Event: 27.828 Thread 0x0000000018f1d800 Exception <a 'java/lang/NoSuchMethodError': <clinit>> (0x00000000e2f19778) thrown at [D:\src\AOSP-openjdk-cygwin\jdk8u\hotspot\src\share\vm\prims\jni.cpp, line 1613]
Event: 27.840 Thread 0x0000000018f1e000 Exception <a 'java/lang/NoSuchMethodError': <clinit>> (0x00000000e31dca60) thrown at [D:\src\AOSP-openjdk-cygwin\jdk8u\hotspot\src\share\vm\prims\jni.cpp, line 1613]
Event: 77.116 Thread 0x0000000018e1d000 Exception <a 'sun/nio/fs/WindowsException'> (0x00000000e4082ea8) thrown at [D:\src\AOSP-openjdk-cygwin\jdk8u\hotspot\src\share\vm\prims\jni.cpp, line 709]
Event: 78.393 Thread 0x0000000018e1d000 Implicit null exception at 0x0000000003ee3ea5 to 0x0000000003ee3ef9
Event: 78.551 Thread 0x0000000018e1d000 Implicit null exception at 0x000000000322fe97 to 0x0000000003230201
Event: 78.582 Thread 0x0000000018e1d000 Implicit null exception at 0x0000000003afabe2 to 0x0000000003af5efd

Events (10 events):
Event: 80.390 Executing VM operation: BulkRevokeBias
Event: 80.390 Executing VM operation: BulkRevokeBias done
Event: 80.394 Executing VM operation: RevokeBias
Event: 80.394 Executing VM operation: RevokeBias done
Event: 80.402 Thread 0x000000001602d000 flushing nmethod 0x00000000036a2a10
Event: 80.407 Thread 0x00000000173a0000 flushing nmethod 0x000000000384e5d0
Event: 80.408 Thread 0x00000000173a0000 flushing nmethod 0x00000000038ce690
Event: 80.413 Thread 0x00000000173a0000 flushing nmethod 0x0000000003add290
Event: 80.413 Thread 0x00000000173a0000 flushing nmethod 0x0000000003b5bb90
Event: 80.420 Executing VM operation: ParallelGCFailedAllocation


Dynamic libraries:
0x00007ff6c6290000 - 0x00007ff6c62c1000 	D:\AndroidStudio\jre\bin\java.exe
0x00007ffb1d680000 - 0x00007ffb1d841000 	C:\Windows\SYSTEM32\ntdll.dll
0x00007ffb1c610000 - 0x00007ffb1c6bd000 	C:\Windows\system32\KERNEL32.DLL
0x00007ffb1a6e0000 - 0x00007ffb1a8c8000 	C:\Windows\system32\KERNELBASE.dll
0x00007ffb1d3f0000 - 0x00007ffb1d497000 	C:\Windows\system32\ADVAPI32.dll
0x00007ffb1c6d0000 - 0x00007ffb1c76d000 	C:\Windows\system32\msvcrt.dll
0x00007ffb1d620000 - 0x00007ffb1d67b000 	C:\Windows\system32\sechost.dll
0x00007ffb1ad30000 - 0x00007ffb1ae4c000 	C:\Windows\system32\RPCRT4.dll
0x00007ffb1c770000 - 0x00007ffb1c8c6000 	C:\Windows\system32\USER32.dll
0x00007ffb1cdb0000 - 0x00007ffb1cf36000 	C:\Windows\system32\GDI32.dll
0x00007ffafcea0000 - 0x00007ffafd114000 	C:\Windows\WinSxS\amd64_microsoft.windows.common-controls_6595b64144ccf1df_6.0.10586.0_none_8c15ae12515e1c22\COMCTL32.dll
0x00007ffb1d170000 - 0x00007ffb1d3ed000 	C:\Windows\system32\combase.dll
0x00007ffb1a9e0000 - 0x00007ffb1aa4a000 	C:\Windows\system32\bcryptPrimitives.dll
0x00007ffb1d4b0000 - 0x00007ffb1d4eb000 	C:\Windows\system32\IMM32.DLL
0x0000000057ed0000 - 0x0000000057fa2000 	D:\AndroidStudio\jre\jre\bin\msvcr100.dll
0x0000000055500000 - 0x0000000055d41000 	D:\AndroidStudio\jre\jre\bin\server\jvm.dll
0x00007ffb1d4a0000 - 0x00007ffb1d4a8000 	C:\Windows\system32\PSAPI.DLL
0x00007ffb0d700000 - 0x00007ffb0d70a000 	C:\Windows\SYSTEM32\VERSION.dll
0x00007ffb0e340000 - 0x00007ffb0e349000 	C:\Windows\SYSTEM32\WSOCK32.dll
0x00007ffb183f0000 - 0x00007ffb18413000 	C:\Windows\SYSTEM32\WINMM.dll
0x00007ffb1cf40000 - 0x00007ffb1cfab000 	C:\Windows\system32\WS2_32.dll
0x00000000004e0000 - 0x000000000050c000 	C:\Windows\SYSTEM32\WINMMBASE.dll
0x00007ffb19d00000 - 0x00007ffb19d43000 	C:\Windows\system32\cfgmgr32.dll
0x00007ffb131b0000 - 0x00007ffb131bf000 	D:\AndroidStudio\jre\jre\bin\verify.dll
0x00007ffb0e710000 - 0x00007ffb0e739000 	D:\AndroidStudio\jre\jre\bin\java.dll
0x00007ffb12fc0000 - 0x00007ffb12fd6000 	D:\AndroidStudio\jre\jre\bin\zip.dll
0x00007ffb1af60000 - 0x00007ffb1c4bc000 	C:\Windows\system32\SHELL32.dll
0x00007ffb19d50000 - 0x00007ffb1a395000 	C:\Windows\system32\windows.storage.dll
0x00007ffb1cfb0000 - 0x00007ffb1d002000 	C:\Windows\system32\shlwapi.dll
0x00007ffb19c90000 - 0x00007ffb19c9f000 	C:\Windows\system32\kernel.appcore.dll
0x00007ffb1a3a0000 - 0x00007ffb1a455000 	C:\Windows\system32\shcore.dll
0x00007ffb19cb0000 - 0x00007ffb19cfb000 	C:\Windows\system32\powrprof.dll
0x00007ffb19c70000 - 0x00007ffb19c84000 	C:\Windows\system32\profapi.dll
0x00007ffb0e6f0000 - 0x00007ffb0e70a000 	D:\AndroidStudio\jre\jre\bin\net.dll
0x00007ffb19510000 - 0x00007ffb1956c000 	C:\Windows\system32\mswsock.dll
0x00007ffb0e6d0000 - 0x00007ffb0e6e1000 	D:\AndroidStudio\jre\jre\bin\nio.dll
0x00007ffb0c340000 - 0x00007ffb0c35e000 	C:\Users\Administrator\.gradle\native\25\windows-amd64\native-platform.dll
0x00007ffb0ec20000 - 0x00007ffb0ec2d000 	D:\AndroidStudio\jre\jre\bin\management.dll
0x00007ffb195c0000 - 0x00007ffb195d7000 	C:\Windows\SYSTEM32\CRYPTSP.dll
0x00007ffb19250000 - 0x00007ffb19284000 	C:\Windows\system32\rsaenh.dll
0x00007ffb19ba0000 - 0x00007ffb19bc9000 	C:\Windows\SYSTEM32\bcrypt.dll
0x00007ffb193a0000 - 0x00007ffb193bf000 	C:\Windows\SYSTEM32\USERENV.dll
0x00007ffb196e0000 - 0x00007ffb196eb000 	C:\Windows\SYSTEM32\CRYPTBASE.dll
0x00007ffb16a00000 - 0x00007ffb16a38000 	C:\Windows\SYSTEM32\IPHLPAPI.DLL
0x00007ffb1c6c0000 - 0x00007ffb1c6c8000 	C:\Windows\system32\NSI.dll
0x00007ffb14c80000 - 0x00007ffb14c96000 	C:\Windows\SYSTEM32\dhcpcsvc6.DLL
0x00007ffb14940000 - 0x00007ffb1495a000 	C:\Windows\SYSTEM32\dhcpcsvc.DLL
0x00007ffb16750000 - 0x00007ffb168dc000 	C:\Windows\SYSTEM32\dbghelp.dll

VM Arguments:
jvm_args: -Xmx1536m -Dfile.encoding=GBK -Duser.country=CN -Duser.language=zh -Duser.variant 
java_command: org.gradle.launcher.daemon.bootstrap.GradleDaemon 4.6
java_class_path (initial): C:\Users\Administrator\.gradle\wrapper\dists\gradle-4.6-all\bcst21l2brirad8k2ben1letg\gradle-4.6\lib\gradle-launcher-4.6.jar
Launcher Type: SUN_STANDARD

Environment Variables:
JAVA_HOME=D:\Java\jdk1.8.0_77
CLASSPATH=.;D:\Java\jdk1.8.0_77\lib;D:\Java\jdk1.8.0_77\lib\tools.jar
PATH=D:\ApacheMaven\apache-maven-3.6.0\bin;C:\ProgramData\Oracle\Java\javapath;C:\Windows\system32;C:\Windows;C:\Windows\System32\Wbem;C:\Windows\System32\WindowsPowerShell\v1.0\;D:\Java\jdk1.8.0_77\bin;D:\Java\jdk1.8.0_77\jre\bin;D:\Tomcat8.0\apache-tomcat-8.5.34\lib;D:\Tomcat8.0\apache-tomcat-8.5.34\bin;D:\MicrosoftSQLServer\120\DTS\Binn\;D:\MicrosoftSQLServer\Client SDK\ODBC\110\Tools\Binn\;D:\MicrosoftSQLServerx86\120\Tools\Binn\;D:\MicrosoftSQLServer\120\Tools\Binn\;D:\MicrosoftSQLServerx86\120\Tools\Binn\ManagementStudio\;D:\MicrosoftSQLServerx86\120\DTS\Binn\;D:\MySQL\MySQLServer5.1\bin;C:\Program Files\Microsoft\Web Platform Installer\;C:\Program Files (x86)\Microsoft ASP.NET\ASP.NET Web Pages\v1.0\;C:\Program Files (x86)\Windows Kits\8.0\Windows Performance Toolkit\;D:\MicrosoftSQLServer\110\Tools\Binn\;D:\Git\Git\cmd;D:\RationalRose\Common
USERNAME=Administrator
OS=Windows_NT
PROCESSOR_IDENTIFIER=Intel64 Family 6 Model 61 Stepping 4, GenuineIntel



---------------  S Y S T E M  ---------------

OS: Windows 10.0 , 64 bit Build 10586 (10.0.10586.0)

CPU:total 4 (initial active 4) (2 cores per cpu, 2 threads per core) family 6 model 61 stepping 4, cmov, cx8, fxsr, mmx, sse, sse2, sse3, ssse3, sse4.1, sse4.2, popcnt, avx, avx2, aes, clmul, erms, 3dnowpref, lzcnt, ht, tsc, tscinvbit, bmi1, bmi2, adx

Memory: 4k page, physical 4091432k(696040k free), swap 12819032k(4757268k free)

vm_info: OpenJDK 64-Bit Server VM (25.152-b06) for windows-amd64 JRE (1.8.0_152-release-1136-b06), built by "builder" with MS VC++ 10.0 (VS2010)

time: Wed Mar 20 17:16:01 2019
elapsed time: 80 seconds (0d 0h 1m 20s)

