#
# A fatal error has been detected by the Java Runtime Environment:
#
#  EXCEPTION_ACCESS_VIOLATION (0xc0000005) at pc=0x00000000590fa940, pid=5632, tid=0x0000000000001d94
#
# JRE version: OpenJDK Runtime Environment (8.0_152-b06) (build 1.8.0_152-release-1136-b06)
# Java VM: OpenJDK 64-Bit Server VM (25.152-b06 mixed mode windows-amd64 compressed oops)
# Problematic frame:
# V  [jvm.dll+0x8a940]
#
# Failed to write core dump. Minidumps are not enabled by default on client versions of Windows
#
# If you would like to submit a bug report, please visit:
#   http://bugreport.java.com/bugreport/crash.jsp
#

---------------  T H R E A D  ---------------

Current thread (0x00000000026d9000):  GCTaskThread [stack: 0x0000000012190000,0x0000000012290000] [id=7572]

siginfo: ExceptionCode=0xc0000005, reading address 0x0000000101000200

Registers:
RAX=0x0000000000000001, RBX=0x00000000e0cffd50, RCX=0x00000000e0cffd50, RDX=0x00000001010001f8
RSP=0x000000001228f458, RBP=0x0000000011b82881, RSI=0x00000000160f31c0, RDI=0x00000000a050e510
R8 =0x00000000160f31c0, R9 =0x0000000000000007, R10=0x0000000000000008, R11=0x00000000ebe10080
R12=0x0000000011b8286e, R13=0x0000000000000001, R14=0x0000000000000000, R15=0x00000000026d27b0
RIP=0x00000000590fa940, EFLAGS=0x0000000000010202

Top of Stack: (sp=0x000000001228f458)
0x000000001228f458:   000000005943ca32 00000000e0cffd38
0x000000001228f468:   0000000000000003 00000000160f31c0
0x000000001228f478:   00000000ee4708b0 00000000ebe08090
0x000000001228f488:   000000005943d17b 00000000160f31c0
0x000000001228f498:   000000005915d903 0000000000000000
0x000000001228f4a8:   00000000160f3100 0000000011b8286e
0x000000001228f4b8:   000000005943cda0 00000000ebe0a794
0x000000001228f4c8:   0000000011b82881 00000000160f31c0
0x000000001228f4d8:   00000000a050e510 00000000ebe0a794
0x000000001228f4e8:   000000005943d945 00000000e03b4d78
0x000000001228f4f8:   0000000011b82881 00000000160f31c0
0x000000001228f508:   0000000000000003 00000000160f31c0
0x000000001228f518:   00007ffff59aaadf 00000000a0505d7c
0x000000001228f528:   000000005915f747 00000000a0505d85
0x000000001228f538:   00000000a0505d85 00000000a0446099
0x000000001228f548:   00000000a0446099 00000000a050dcd4 

Instructions: (pc=0x00000000590fa940)
0x00000000590fa920:   ac 50 1d 00 48 8b 9c 24 c0 00 00 00 48 81 c4 b0
0x00000000590fa930:   00 00 00 5d c3 cc cc cc cc cc cc cc cc cc cc cc
0x00000000590fa940:   44 8b 42 08 4c 8b ca 45 85 c0 7e 0e 41 f6 c0 01
0x00000000590fa950:   75 57 41 c1 f8 03 41 8b c0 c3 79 4d 80 3d 9e 10 


Register to memory mapping:

RAX=0x0000000000000001 is an unknown value
RBX=0x00000000e0cffd50 is an oop

[error occurred during error reporting (printing register info), id 0xc0000005]

Stack: [0x0000000012190000,0x0000000012290000],  sp=0x000000001228f458,  free space=1021k
Native frames: (J=compiled Java code, j=interpreted, Vv=VM code, C=native code)
V  [jvm.dll+0x8a940]


---------------  P R O C E S S  ---------------

Java Threads: ( => current thread )
  0x0000000019329000 JavaThread "pool-41-thread-1" [_thread_blocked, id=7784, stack(0x00000000421f0000,0x00000000422f0000)]
  0x0000000019325800 JavaThread "ForkJoinPool-104-worker-0" daemon [_thread_blocked, id=4372, stack(0x00000000420f0000,0x00000000421f0000)]
  0x000000001931f800 JavaThread "ForkJoinPool-104-worker-3" daemon [_thread_blocked, id=5964, stack(0x0000000041ff0000,0x00000000420f0000)]
  0x000000001931e000 JavaThread "ForkJoinPool-104-worker-2" daemon [_thread_blocked, id=7016, stack(0x0000000041ef0000,0x0000000041ff0000)]
  0x0000000019324800 JavaThread "ForkJoinPool-104-worker-1" daemon [_thread_blocked, id=8072, stack(0x0000000041df0000,0x0000000041ef0000)]
  0x0000000019322800 JavaThread "ForkJoinPool.commonPool-worker-3" daemon [_thread_blocked, id=1664, stack(0x0000000041cf0000,0x0000000041df0000)]
  0x0000000019323000 JavaThread "ForkJoinPool.commonPool-worker-2" daemon [_thread_blocked, id=7232, stack(0x0000000041bf0000,0x0000000041cf0000)]
  0x00000000225e4800 JavaThread "ForkJoinPool.commonPool-worker-1" daemon [_thread_blocked, id=6692, stack(0x0000000041af0000,0x0000000041bf0000)]
  0x00000000225e4000 JavaThread "Cache worker for Java compile cache (E:\AndroidStudio_project\homework_03\.gradle\4.6\javaCompile)" [_thread_blocked, id=7444, stack(0x00000000419f0000,0x0000000041af0000)]
  0x00000000225e3000 JavaThread "Task worker for ':' Thread 3" [_thread_blocked, id=5288, stack(0x00000000418f0000,0x00000000419f0000)]
  0x00000000225e2800 JavaThread "Task worker for ':' Thread 2" [_thread_blocked, id=6008, stack(0x00000000417f0000,0x00000000418f0000)]
  0x00000000225e5800 JavaThread "Task worker for ':'" [_thread_blocked, id=3220, stack(0x00000000416f0000,0x00000000417f0000)]
  0x00000000225db800 JavaThread "Cache worker for Build Output Cleanup Cache (E:\AndroidStudio_project\homework_03\.gradle\buildOutputCleanup)" [_thread_blocked, id=5252, stack(0x00000000415f0000,0x00000000416f0000)]
  0x00000000225e1800 JavaThread "Cache worker for task history cache (E:\AndroidStudio_project\homework_03\.gradle\4.6\taskHistory)" [_thread_blocked, id=8520, stack(0x00000000414f0000,0x00000000415f0000)]
  0x00000000225db000 JavaThread "Cache worker for file content cache (E:\AndroidStudio_project\homework_03\.gradle\4.6\fileContent)" [_thread_blocked, id=4616, stack(0x00000000413f0000,0x00000000414f0000)]
  0x00000000225de800 JavaThread "Build operations Thread 4" [_thread_blocked, id=8136, stack(0x00000000412f0000,0x00000000413f0000)]
  0x00000000225e1000 JavaThread "Build operations Thread 3" [_thread_blocked, id=5172, stack(0x00000000411f0000,0x00000000412f0000)]
  0x00000000225d9800 JavaThread "Build operations Thread 2" [_thread_blocked, id=1432, stack(0x00000000410f0000,0x00000000411f0000)]
  0x00000000225da000 JavaThread "Build operations" [_thread_blocked, id=4740, stack(0x0000000040ff0000,0x00000000410f0000)]
  0x00000000225e0000 JavaThread "Cache worker for Artifact transforms cache (C:\Users\Administrator\.gradle\caches\transforms-1)" [_thread_blocked, id=5628, stack(0x0000000040ef0000,0x0000000040ff0000)]
  0x00000000225df800 JavaThread "Cache worker for file hash cache (E:\AndroidStudio_project\homework_03\.gradle\4.6\fileHashes)" [_thread_blocked, id=5624, stack(0x0000000040df0000,0x0000000040ef0000)]
  0x00000000225d7000 JavaThread "Stdin handler" [_thread_blocked, id=3916, stack(0x0000000040cf0000,0x0000000040df0000)]
  0x00000000225de000 JavaThread "Asynchronous log dispatcher for DefaultDaemonConnection: socket connection from /127.0.0.1:5623 to /127.0.0.1:1963" [_thread_blocked, id=4088, stack(0x0000000040bf0000,0x0000000040cf0000)]
  0x00000000225d6800 JavaThread "Daemon worker Thread 10" [_thread_blocked, id=6156, stack(0x0000000040af0000,0x0000000040bf0000)]
  0x00000000225d8000 JavaThread "Cancel handler" [_thread_blocked, id=908, stack(0x00000000409f0000,0x0000000040af0000)]
  0x00000000225d8800 JavaThread "Handler for socket connection from /127.0.0.1:5623 to /127.0.0.1:1963" [_thread_in_native, id=2848, stack(0x00000000408f0000,0x00000000409f0000)]
  0x00000000225dd000 JavaThread "Daemon Thread 10" [_thread_blocked, id=3788, stack(0x00000000407f0000,0x00000000408f0000)]
  0x000000001748e000 JavaThread "MarlinRenderer Disposer" daemon [_thread_blocked, id=8100, stack(0x0000000035cf0000,0x0000000035df0000)]
  0x000000001748c800 JavaThread "Java2D Disposer" daemon [_thread_blocked, id=5052, stack(0x0000000035bf0000,0x0000000035cf0000)]
  0x000000001ac5f800 JavaThread "pool-1-thread-1" [_thread_blocked, id=8756, stack(0x0000000024c50000,0x0000000024d50000)]
  0x000000001931c800 JavaThread "Memory manager" [_thread_blocked, id=7624, stack(0x0000000020240000,0x0000000020340000)]
  0x00000000190b2000 JavaThread "File lock request listener" [_thread_in_native, id=5932, stack(0x000000001a650000,0x000000001a750000)]
  0x000000001900a800 JavaThread "Cache worker for file hash cache (C:\Users\Administrator\.gradle\caches\4.6\fileHashes)" [_thread_blocked, id=8792, stack(0x000000001a550000,0x000000001a650000)]
  0x0000000018f02800 JavaThread "Daemon periodic checks" [_thread_blocked, id=4304, stack(0x0000000019a50000,0x0000000019b50000)]
  0x0000000018e00800 JavaThread "Incoming local TCP Connector on port 5623" [_thread_in_native, id=3932, stack(0x0000000019950000,0x0000000019a50000)]
  0x0000000017509800 JavaThread "Service Thread" daemon [_thread_blocked, id=9032, stack(0x0000000017d80000,0x0000000017e80000)]
  0x0000000017491800 JavaThread "C1 CompilerThread2" daemon [_thread_blocked, id=9056, stack(0x0000000017c80000,0x0000000017d80000)]
  0x000000001618e000 JavaThread "C2 CompilerThread1" daemon [_thread_blocked, id=3136, stack(0x0000000017b80000,0x0000000017c80000)]
  0x000000001613e800 JavaThread "C2 CompilerThread0" daemon [_thread_in_native, id=3756, stack(0x0000000017a80000,0x0000000017b80000)]
  0x0000000016126800 JavaThread "Attach Listener" daemon [_thread_blocked, id=7848, stack(0x0000000017980000,0x0000000017a80000)]
  0x0000000017488800 JavaThread "Signal Dispatcher" daemon [_thread_blocked, id=8604, stack(0x0000000017880000,0x0000000017980000)]
  0x0000000016118800 JavaThread "Finalizer" daemon [_thread_blocked, id=7036, stack(0x0000000017380000,0x0000000017480000)]
  0x00000000027b2000 JavaThread "Reference Handler" daemon [_thread_blocked, id=8544, stack(0x0000000017280000,0x0000000017380000)]
  0x000000000231e800 JavaThread "main" [_thread_blocked, id=4076, stack(0x0000000002180000,0x0000000002280000)]

Other Threads:
  0x00000000160f5000 VMThread [stack: 0x0000000017180000,0x0000000017280000] [id=1236]
  0x0000000017513000 WatcherThread [stack: 0x0000000017e80000,0x0000000017f80000] [id=8724]

=>0x00000000026d9000 (exited) GCTaskThread [stack: 0x0000000012190000,0x0000000012290000] [id=7572]

VM state:at safepoint (normal execution)

VM Mutex/Monitor currently owned by a thread:  ([mutex/lock_event])
[0x000000000231cf30] Threads_lock - owner thread: 0x00000000160f5000
[0x000000000231cbb0] Heap_lock - owner thread: 0x00000000225e4800

Heap:
 PSYoungGen      total 248320K, used 223427K [0x00000000e0000000, 0x00000000f4400000, 0x0000000100000000)
  eden space 185344K, 100% used [0x00000000e0000000,0x00000000eb500000,0x00000000eb500000)
  from space 62976K, 60% used [0x00000000f0680000,0x00000000f2bb0e50,0x00000000f4400000)
  to   space 73216K, 47% used [0x00000000eb500000,0x00000000ed6efbe0,0x00000000efc80000)
 ParOldGen       total 156672K, used 61469K [0x00000000a0000000, 0x00000000a9900000, 0x00000000e0000000)
  object space 156672K, 39% used [0x00000000a0000000,0x00000000a3c07598,0x00000000a9900000)
 Metaspace       used 93953K, capacity 99572K, committed 99928K, reserved 1136640K
  class space    used 11751K, capacity 12810K, committed 12928K, reserved 1048576K

Card table byte_map: [0x0000000011b80000,0x0000000011e90000] byte_map_base: 0x0000000011680000

Marking Bits: (ParMarkBitMap*) 0x0000000059835aa0
 Begin Bits: [0x0000000012490000, 0x0000000013c90000)
 End Bits:   [0x0000000013c90000, 0x0000000015490000)

Polling page: 0x00000000001f0000

CodeCache: size=245760Kb used=65829Kb max_used=65829Kb free=179930Kb
 bounds [0x00000000027c0000, 0x0000000006870000, 0x00000000117c0000]
 total_blobs=19484 nmethods=18513 adapters=881
 compilation: enabled

Compilation events (10 events):
Event: 3437.414 Thread 0x0000000017491800 24030       3       java.math.BigInteger::bitLength (140 bytes)
Event: 3437.415 Thread 0x0000000017491800 nmethod 24030 0x000000000681d910 code [0x000000000681dac0, 0x000000000681e058]
Event: 3437.417 Thread 0x0000000017491800 24031       3       com.android.apksig.internal.asn1.ber.BerEncoding::getTagNumber (88 bytes)
Event: 3437.419 Thread 0x0000000017491800 nmethod 24031 0x000000000685ce90 code [0x000000000685d080, 0x000000000685dbb8]
Event: 3437.421 Thread 0x0000000017491800 24033       3       java.util.TreeMap::getCeilingEntry (107 bytes)
Event: 3437.422 Thread 0x0000000017491800 nmethod 24033 0x0000000002c5ee10 code [0x0000000002c5efe0, 0x0000000002c5f7f8]
Event: 3437.423 Thread 0x0000000017491800 24032  s    3       com.android.tools.build.apkzlib.bytestorage.SwitchableDelegateInputStream::skip (26 bytes)
Event: 3437.424 Thread 0x0000000017491800 nmethod 24032 0x000000000685e050 code [0x000000000685e1e0, 0x000000000685e758]
Event: 3437.427 Thread 0x0000000017491800 24034       3       com.android.tools.build.apkzlib.zip.FileUseMap::coalesce (178 bytes)
Event: 3437.433 Thread 0x0000000017491800 nmethod 24034 0x000000000685e8d0 code [0x000000000685ee20, 0x0000000006862028]

GC Heap History (10 events):
Event: 2444.199 GC heap after
Heap after GC invocations=32 (full 4):
 PSYoungGen      total 275456K, used 61279K [0x00000000e0000000, 0x00000000f6300000, 0x0000000100000000)
  eden space 214016K, 0% used [0x00000000e0000000,0x00000000e0000000,0x00000000ed100000)
  from space 61440K, 99% used [0x00000000f2700000,0x00000000f62d7f40,0x00000000f6300000)
  to   space 70656K, 0% used [0x00000000ed900000,0x00000000ed900000,0x00000000f1e00000)
 ParOldGen       total 156672K, used 61445K [0x00000000a0000000, 0x00000000a9900000, 0x00000000e0000000)
  object space 156672K, 39% used [0x00000000a0000000,0x00000000a3c01598,0x00000000a9900000)
 Metaspace       used 92494K, capacity 96934K, committed 97240K, reserved 1134592K
  class space    used 11563K, capacity 12433K, committed 12544K, reserved 1048576K
}
Event: 2478.268 GC heap before
{Heap before GC invocations=33 (full 4):
 PSYoungGen      total 275456K, used 275295K [0x00000000e0000000, 0x00000000f6300000, 0x0000000100000000)
  eden space 214016K, 100% used [0x00000000e0000000,0x00000000ed100000,0x00000000ed100000)
  from space 61440K, 99% used [0x00000000f2700000,0x00000000f62d7f40,0x00000000f6300000)
  to   space 70656K, 0% used [0x00000000ed900000,0x00000000ed900000,0x00000000f1e00000)
 ParOldGen       total 156672K, used 61445K [0x00000000a0000000, 0x00000000a9900000, 0x00000000e0000000)
  object space 156672K, 39% used [0x00000000a0000000,0x00000000a3c01598,0x00000000a9900000)
 Metaspace       used 92644K, capacity 97108K, committed 97240K, reserved 1134592K
  class space    used 11566K, capacity 12440K, committed 12544K, reserved 1048576K
Event: 2478.340 GC heap after
Heap after GC invocations=33 (full 4):
 PSYoungGen      total 267264K, used 60438K [0x00000000e0000000, 0x00000000f6080000, 0x0000000100000000)
  eden space 206336K, 0% used [0x00000000e0000000,0x00000000e0000000,0x00000000ec980000)
  from space 60928K, 99% used [0x00000000ed900000,0x00000000f14059f0,0x00000000f1480000)
  to   space 77312K, 0% used [0x00000000f1500000,0x00000000f1500000,0x00000000f6080000)
 ParOldGen       total 156672K, used 61453K [0x00000000a0000000, 0x00000000a9900000, 0x00000000e0000000)
  object space 156672K, 39% used [0x00000000a0000000,0x00000000a3c03598,0x00000000a9900000)
 Metaspace       used 92644K, capacity 97108K, committed 97240K, reserved 1134592K
  class space    used 11566K, capacity 12440K, committed 12544K, reserved 1048576K
}
Event: 2557.790 GC heap before
{Heap before GC invocations=34 (full 4):
 PSYoungGen      total 267264K, used 266774K [0x00000000e0000000, 0x00000000f6080000, 0x0000000100000000)
  eden space 206336K, 100% used [0x00000000e0000000,0x00000000ec980000,0x00000000ec980000)
  from space 60928K, 99% used [0x00000000ed900000,0x00000000f14059f0,0x00000000f1480000)
  to   space 77312K, 0% used [0x00000000f1500000,0x00000000f1500000,0x00000000f6080000)
 ParOldGen       total 156672K, used 61453K [0x00000000a0000000, 0x00000000a9900000, 0x00000000e0000000)
  object space 156672K, 39% used [0x00000000a0000000,0x00000000a3c03598,0x00000000a9900000)
 Metaspace       used 93494K, capacity 98926K, committed 99032K, reserved 1136640K
  class space    used 11712K, capacity 12711K, committed 12800K, reserved 1048576K
Event: 2557.848 GC heap after
Heap after GC invocations=34 (full 4):
 PSYoungGen      total 274432K, used 52952K [0x00000000e0000000, 0x00000000f5e80000, 0x0000000100000000)
  eden space 199168K, 0% used [0x00000000e0000000,0x00000000e0000000,0x00000000ec280000)
  from space 75264K, 70% used [0x00000000f1500000,0x00000000f48b62d0,0x00000000f5e80000)
  to   space 79872K, 0% used [0x00000000ec280000,0x00000000ec280000,0x00000000f1080000)
 ParOldGen       total 156672K, used 61453K [0x00000000a0000000, 0x00000000a9900000, 0x00000000e0000000)
  object space 156672K, 39% used [0x00000000a0000000,0x00000000a3c03598,0x00000000a9900000)
 Metaspace       used 93494K, capacity 98926K, committed 99032K, reserved 1136640K
  class space    used 11712K, capacity 12711K, committed 12800K, reserved 1048576K
}
Event: 2598.123 GC heap before
{Heap before GC invocations=35 (full 4):
 PSYoungGen      total 274432K, used 252075K [0x00000000e0000000, 0x00000000f5e80000, 0x0000000100000000)
  eden space 199168K, 99% used [0x00000000e0000000,0x00000000ec2749d0,0x00000000ec280000)
  from space 75264K, 70% used [0x00000000f1500000,0x00000000f48b62d0,0x00000000f5e80000)
  to   space 79872K, 0% used [0x00000000ec280000,0x00000000ec280000,0x00000000f1080000)
 ParOldGen       total 156672K, used 61453K [0x00000000a0000000, 0x00000000a9900000, 0x00000000e0000000)
  object space 156672K, 39% used [0x00000000a0000000,0x00000000a3c03598,0x00000000a9900000)
 Metaspace       used 93768K, capacity 99352K, committed 99544K, reserved 1136640K
  class space    used 11745K, capacity 12770K, committed 12800K, reserved 1048576K
Event: 2598.234 GC heap after
Heap after GC invocations=35 (full 4):
 PSYoungGen      total 231936K, used 39463K [0x00000000e0000000, 0x00000000f5180000, 0x0000000100000000)
  eden space 192000K, 0% used [0x00000000e0000000,0x00000000e0000000,0x00000000ebb80000)
  from space 39936K, 98% used [0x00000000ec280000,0x00000000ee909ef0,0x00000000ee980000)
  to   space 76800K, 0% used [0x00000000f0680000,0x00000000f0680000,0x00000000f5180000)
 ParOldGen       total 156672K, used 61461K [0x00000000a0000000, 0x00000000a9900000, 0x00000000e0000000)
  object space 156672K, 39% used [0x00000000a0000000,0x00000000a3c05598,0x00000000a9900000)
 Metaspace       used 93768K, capacity 99352K, committed 99544K, reserved 1136640K
  class space    used 11745K, capacity 12770K, committed 12800K, reserved 1048576K
}
Event: 3434.946 GC heap before
{Heap before GC invocations=36 (full 4):
 PSYoungGen      total 231936K, used 231463K [0x00000000e0000000, 0x00000000f5180000, 0x0000000100000000)
  eden space 192000K, 100% used [0x00000000e0000000,0x00000000ebb80000,0x00000000ebb80000)
  from space 39936K, 98% used [0x00000000ec280000,0x00000000ee909ef0,0x00000000ee980000)
  to   space 76800K, 0% used [0x00000000f0680000,0x00000000f0680000,0x00000000f5180000)
 ParOldGen       total 156672K, used 61461K [0x00000000a0000000, 0x00000000a9900000, 0x00000000e0000000)
  object space 156672K, 39% used [0x00000000a0000000,0x00000000a3c05598,0x00000000a9900000)
 Metaspace       used 93889K, capacity 99564K, committed 99928K, reserved 1136640K
  class space    used 11751K, capacity 12810K, committed 12928K, reserved 1048576K
Event: 3434.993 GC heap after
Heap after GC invocations=36 (full 4):
 PSYoungGen      total 248320K, used 38083K [0x00000000e0000000, 0x00000000f4400000, 0x0000000100000000)
  eden space 185344K, 0% used [0x00000000e0000000,0x00000000e0000000,0x00000000eb500000)
  from space 62976K, 60% used [0x00000000f0680000,0x00000000f2bb0e50,0x00000000f4400000)
  to   space 73216K, 0% used [0x00000000eb500000,0x00000000eb500000,0x00000000efc80000)
 ParOldGen       total 156672K, used 61461K [0x00000000a0000000, 0x00000000a9900000, 0x00000000e0000000)
  object space 156672K, 39% used [0x00000000a0000000,0x00000000a3c05598,0x00000000a9900000)
 Metaspace       used 93889K, capacity 99564K, committed 99928K, reserved 1136640K
  class space    used 11751K, capacity 12810K, committed 12928K, reserved 1048576K
}
Event: 3437.466 GC heap before
{Heap before GC invocations=37 (full 4):
 PSYoungGen      total 248320K, used 223427K [0x00000000e0000000, 0x00000000f4400000, 0x0000000100000000)
  eden space 185344K, 100% used [0x00000000e0000000,0x00000000eb500000,0x00000000eb500000)
  from space 62976K, 60% used [0x00000000f0680000,0x00000000f2bb0e50,0x00000000f4400000)
  to   space 73216K, 0% used [0x00000000eb500000,0x00000000eb500000,0x00000000efc80000)
 ParOldGen       total 156672K, used 61461K [0x00000000a0000000, 0x00000000a9900000, 0x00000000e0000000)
  object space 156672K, 39% used [0x00000000a0000000,0x00000000a3c05598,0x00000000a9900000)
 Metaspace       used 93953K, capacity 99572K, committed 99928K, reserved 1136640K
  class space    used 11751K, capacity 12810K, committed 12928K, reserved 1048576K

Deoptimization events (10 events):
Event: 2557.877 Thread 0x000000001ed27000 Uncommon trap: reason=unstable_if action=reinterpret pc=0x00000000064168d4 method=java.util.concurrent.ForkJoinPool.scan(Ljava/util/concurrent/ForkJoinPool$WorkQueue;I)Ljava/util/concurrent/ForkJoinTask; @ 131
Event: 2557.977 Thread 0x000000001ed2b800 Uncommon trap: reason=unstable_if action=reinterpret pc=0x0000000006415fcc method=java.util.concurrent.ForkJoinPool.signalWork([Ljava/util/concurrent/ForkJoinPool$WorkQueue;Ljava/util/concurrent/ForkJoinPool$WorkQueue;)V @ 151
Event: 2596.919 Thread 0x0000000019327800 Uncommon trap: reason=unstable_if action=reinterpret pc=0x0000000003e1424c method=java.util.concurrent.ConcurrentHashMap.get(Ljava/lang/Object;)Ljava/lang/Object; @ 86
Event: 2596.937 Thread 0x0000000019329000 Uncommon trap: reason=unstable_if action=reinterpret pc=0x0000000004a4ff4c method=java.util.concurrent.ConcurrentHashMap.addCount(JI)V @ 97
Event: 2597.101 Thread 0x0000000019322800 Uncommon trap: reason=class_check action=maybe_recompile pc=0x0000000006659cf4 method=org.gradle.tooling.internal.provider.runner.ClientForwardingTaskOperationListener.finished(Lorg/gradle/internal/progress/BuildOperationDescriptor;Lorg/gradle/internal/pr
Event: 2597.102 Thread 0x0000000019322800 Uncommon trap: reason=class_check action=maybe_recompile pc=0x0000000006659cf4 method=org.gradle.tooling.internal.provider.runner.ClientForwardingTaskOperationListener.finished(Lorg/gradle/internal/progress/BuildOperationDescriptor;Lorg/gradle/internal/pr
Event: 2597.191 Thread 0x0000000019322800 Uncommon trap: reason=class_check action=maybe_recompile pc=0x0000000006659cf4 method=org.gradle.tooling.internal.provider.runner.ClientForwardingTaskOperationListener.finished(Lorg/gradle/internal/progress/BuildOperationDescriptor;Lorg/gradle/internal/pr
Event: 2597.194 Thread 0x0000000019322800 Uncommon trap: reason=class_check action=maybe_recompile pc=0x0000000006659cf4 method=org.gradle.tooling.internal.provider.runner.ClientForwardingTaskOperationListener.finished(Lorg/gradle/internal/progress/BuildOperationDescriptor;Lorg/gradle/internal/pr
Event: 2950.331 Thread 0x000000001931c800 Uncommon trap: reason=unstable_if action=reinterpret pc=0x000000000633eaf0 method=java.util.concurrent.locks.AbstractQueuedSynchronizer$ConditionObject.awaitNanos(J)J @ 73
Event: 3436.315 Thread 0x00000000225e4800 Uncommon trap: reason=unstable_if action=reinterpret pc=0x00000000065785f4 method=com.android.tools.r8.ir.code.Instruction.addInValue(Lcom/android/tools/r8/ir/code/Value;)V @ 1

Classes redefined (0 events):
No events

Internal exceptions (10 events):
Event: 3434.569 Thread 0x00000000225d6800 Exception <a 'sun/nio/fs/WindowsException'> (0x00000000ea005cf0) thrown at [D:\src\AOSP-openjdk-cygwin\jdk8u\hotspot\src\share\vm\prims\jni.cpp, line 709]
Event: 3434.569 Thread 0x00000000225d6800 Exception <a 'sun/nio/fs/WindowsException'> (0x00000000ea007930) thrown at [D:\src\AOSP-openjdk-cygwin\jdk8u\hotspot\src\share\vm\prims\jni.cpp, line 709]
Event: 3434.569 Thread 0x00000000225d6800 Exception <a 'sun/nio/fs/WindowsException'> (0x00000000ea008560) thrown at [D:\src\AOSP-openjdk-cygwin\jdk8u\hotspot\src\share\vm\prims\jni.cpp, line 709]
Event: 3436.295 Thread 0x00000000225e4800 Exception <a 'sun/nio/fs/WindowsException'> (0x00000000e2827b00) thrown at [D:\src\AOSP-openjdk-cygwin\jdk8u\hotspot\src\share\vm\prims\jni.cpp, line 709]
Event: 3436.295 Thread 0x0000000019323000 Exception <a 'sun/nio/fs/WindowsException'> (0x00000000e284b980) thrown at [D:\src\AOSP-openjdk-cygwin\jdk8u\hotspot\src\share\vm\prims\jni.cpp, line 709]
Event: 3436.315 Thread 0x00000000225e4800 Implicit null exception at 0x0000000006578177 to 0x00000000065785dd
Event: 3436.319 Thread 0x0000000019323000 Exception <a 'sun/nio/fs/WindowsException'> (0x00000000e29a8328) thrown at [D:\src\AOSP-openjdk-cygwin\jdk8u\hotspot\src\share\vm\prims\jni.cpp, line 709]
Event: 3436.325 Thread 0x00000000225e4800 Exception <a 'sun/nio/fs/WindowsException'> (0x00000000e2a284d0) thrown at [D:\src\AOSP-openjdk-cygwin\jdk8u\hotspot\src\share\vm\prims\jni.cpp, line 709]
Event: 3436.440 Thread 0x0000000019324800 Exception <a 'sun/nio/fs/WindowsException'> (0x00000000e2e54fc8) thrown at [D:\src\AOSP-openjdk-cygwin\jdk8u\hotspot\src\share\vm\prims\jni.cpp, line 709]
Event: 3437.002 Thread 0x000000001931f800 Exception <a 'sun/nio/fs/WindowsException'> (0x00000000e7eea260) thrown at [D:\src\AOSP-openjdk-cygwin\jdk8u\hotspot\src\share\vm\prims\jni.cpp, line 709]

Events (10 events):
Event: 3437.429 Executing VM operation: RevokeBias done
Event: 3437.431 Executing VM operation: RevokeBias
Event: 3437.431 Executing VM operation: RevokeBias done
Event: 3437.431 Executing VM operation: RevokeBias
Event: 3437.431 Executing VM operation: RevokeBias done
Event: 3437.431 Executing VM operation: RevokeBias
Event: 3437.432 Executing VM operation: RevokeBias done
Event: 3437.432 Executing VM operation: RevokeBias
Event: 3437.432 Executing VM operation: RevokeBias done
Event: 3437.466 Executing VM operation: ParallelGCFailedAllocation


Dynamic libraries:
0x00007ff68c740000 - 0x00007ff68c771000 	D:\AndroidStudio\jre\bin\java.exe
0x00007ffff8980000 - 0x00007ffff8b41000 	C:\Windows\SYSTEM32\ntdll.dll
0x00007ffff5ec0000 - 0x00007ffff5f6d000 	C:\Windows\system32\KERNEL32.DLL
0x00007ffff5990000 - 0x00007ffff5b78000 	C:\Windows\system32\KERNELBASE.dll
0x00007ffff7540000 - 0x00007ffff75e7000 	C:\Windows\system32\ADVAPI32.dll
0x00007ffff7e10000 - 0x00007ffff7ead000 	C:\Windows\system32\msvcrt.dll
0x00007ffff5f70000 - 0x00007ffff5fcb000 	C:\Windows\system32\sechost.dll
0x00007ffff7cf0000 - 0x00007ffff7e0c000 	C:\Windows\system32\RPCRT4.dll
0x00007ffff5d50000 - 0x00007ffff5ea6000 	C:\Windows\system32\USER32.dll
0x00007ffff7a20000 - 0x00007ffff7ba6000 	C:\Windows\system32\GDI32.dll
0x00007fffd8c90000 - 0x00007fffd8f04000 	C:\Windows\WinSxS\amd64_microsoft.windows.common-controls_6595b64144ccf1df_6.0.10586.0_none_8c15ae12515e1c22\COMCTL32.dll
0x00007ffff86d0000 - 0x00007ffff894d000 	C:\Windows\system32\combase.dll
0x00007ffff5920000 - 0x00007ffff598a000 	C:\Windows\system32\bcryptPrimitives.dll
0x00007ffff7eb0000 - 0x00007ffff7eeb000 	C:\Windows\system32\IMM32.DLL
0x000000005adb0000 - 0x000000005ae82000 	D:\AndroidStudio\jre\jre\bin\msvcr100.dll
0x0000000059070000 - 0x00000000598b1000 	D:\AndroidStudio\jre\jre\bin\server\jvm.dll
0x00007ffff7860000 - 0x00007ffff7868000 	C:\Windows\system32\PSAPI.DLL
0x00007fffea0b0000 - 0x00007fffea0b9000 	C:\Windows\SYSTEM32\WSOCK32.dll
0x00007ffff3700000 - 0x00007ffff3723000 	C:\Windows\SYSTEM32\WINMM.dll
0x00007fffe9920000 - 0x00007fffe992a000 	C:\Windows\SYSTEM32\VERSION.dll
0x00007ffff7c80000 - 0x00007ffff7ceb000 	C:\Windows\system32\WS2_32.dll
0x00007ffff36a0000 - 0x00007ffff36cc000 	C:\Windows\SYSTEM32\WINMMBASE.dll
0x00007ffff5000000 - 0x00007ffff5043000 	C:\Windows\system32\cfgmgr32.dll
0x00007ffff31e0000 - 0x00007ffff31ef000 	D:\AndroidStudio\jre\jre\bin\verify.dll
0x00007fffea0d0000 - 0x00007fffea0f9000 	D:\AndroidStudio\jre\jre\bin\java.dll
0x00007fffe92e0000 - 0x00007fffe92f6000 	D:\AndroidStudio\jre\jre\bin\zip.dll
0x00007ffff5fd0000 - 0x00007ffff752c000 	C:\Windows\system32\SHELL32.dll
0x00007ffff5240000 - 0x00007ffff5885000 	C:\Windows\system32\windows.storage.dll
0x00007ffff7c20000 - 0x00007ffff7c72000 	C:\Windows\system32\shlwapi.dll
0x00007ffff4fe0000 - 0x00007ffff4fef000 	C:\Windows\system32\kernel.appcore.dll
0x00007ffff5c90000 - 0x00007ffff5d45000 	C:\Windows\system32\shcore.dll
0x00007ffff4f70000 - 0x00007ffff4fbb000 	C:\Windows\system32\powrprof.dll
0x00007ffff4fc0000 - 0x00007ffff4fd4000 	C:\Windows\system32\profapi.dll
0x00007fffe6e40000 - 0x00007fffe6e5a000 	D:\AndroidStudio\jre\jre\bin\net.dll
0x00007ffff4870000 - 0x00007ffff48cc000 	C:\Windows\system32\mswsock.dll
0x00007fffdcdf0000 - 0x00007fffdce01000 	D:\AndroidStudio\jre\jre\bin\nio.dll
0x00007fffd56f0000 - 0x00007fffd570e000 	C:\Users\Administrator\.gradle\native\25\windows-amd64\native-platform.dll
0x00007ffff31d0000 - 0x00007ffff31dd000 	D:\AndroidStudio\jre\jre\bin\management.dll
0x00007ffff4920000 - 0x00007ffff4937000 	C:\Windows\SYSTEM32\CRYPTSP.dll
0x00007ffff45b0000 - 0x00007ffff45e4000 	C:\Windows\system32\rsaenh.dll
0x00007ffff4b40000 - 0x00007ffff4b69000 	C:\Windows\SYSTEM32\bcrypt.dll
0x00007ffff4700000 - 0x00007ffff471f000 	C:\Windows\SYSTEM32\USERENV.dll
0x00007ffff4a40000 - 0x00007ffff4a4b000 	C:\Windows\SYSTEM32\CRYPTBASE.dll
0x00007ffff1bf0000 - 0x00007ffff1c28000 	C:\Windows\SYSTEM32\IPHLPAPI.DLL
0x00007ffff7530000 - 0x00007ffff7538000 	C:\Windows\system32\NSI.dll
0x00007fffeff70000 - 0x00007fffeff86000 	C:\Windows\SYSTEM32\dhcpcsvc6.DLL
0x00007fffeff50000 - 0x00007fffeff6a000 	C:\Windows\SYSTEM32\dhcpcsvc.DLL
0x00007fffd67c0000 - 0x00007fffd6957000 	D:\AndroidStudio\jre\jre\bin\awt.dll
0x00007ffff84b0000 - 0x00007ffff8571000 	C:\Windows\system32\OLEAUT32.dll
0x00007fffeab20000 - 0x00007fffeb065000 	C:\Windows\SYSTEM32\d2d1.dll
0x00007ffff3610000 - 0x00007ffff3689000 	C:\Windows\system32\apphelp.dll
0x00007ffff8950000 - 0x00007ffff8972000 	C:\Windows\system32\DWMAPI.DLL
0x00007ffff38c0000 - 0x00007ffff3956000 	C:\Windows\system32\uxtheme.dll
0x00007ffff1730000 - 0x00007ffff18bc000 	C:\Windows\SYSTEM32\dbghelp.dll

VM Arguments:
jvm_args: -Xmx1536m -Dfile.encoding=GBK -Duser.country=CN -Duser.language=zh -Duser.variant 
java_command: org.gradle.launcher.daemon.bootstrap.GradleDaemon 4.6
java_class_path (initial): C:\Users\Administrator\.gradle\wrapper\dists\gradle-4.6-all\bcst21l2brirad8k2ben1letg\gradle-4.6\lib\gradle-launcher-4.6.jar
Launcher Type: SUN_STANDARD

Environment Variables:
JAVA_HOME=D:\Java\jdk1.8.0_77
CLASSPATH=.;D:\Java\jdk1.8.0_77\lib\tools.jar;D:\Java\jdk1.8.0_77\lib\dt.jar;
PATH=D:\Java\jdk1.8.0_77\bin;D:\Java\jdk1.8.0_77\jre\bin;D:\ApacheMaven\apache-maven-3.6.0\bin;C:\ProgramData\Oracle\Java\javapath;C:\Windows\system32;C:\Windows;C:\Windows\System32\Wbem;C:\Windows\System32\WindowsPowerShell\v1.0\;D:\Tomcat8.0\apache-tomcat-8.5.34\lib;D:\Tomcat8.0\apache-tomcat-8.5.34\bin;D:\MicrosoftSQLServer\120\DTS\Binn\;D:\MicrosoftSQLServer\Client SDK\ODBC\110\Tools\Binn\;D:\MicrosoftSQLServerx86\120\Tools\Binn\;D:\MicrosoftSQLServer\120\Tools\Binn\;D:\MicrosoftSQLServerx86\120\Tools\Binn\ManagementStudio\;D:\MicrosoftSQLServerx86\120\DTS\Binn\;D:\MySQL\MySQLServer5.1\bin;C:\Program Files\Microsoft\Web Platform Installer\;C:\Program Files (x86)\Microsoft ASP.NET\ASP.NET Web Pages\v1.0\;C:\Program Files (x86)\Windows Kits\8.0\Windows Performance Toolkit\;D:\MicrosoftSQLServer\110\Tools\Binn\;D:\Git\Git\cmd;D:\RationalRose\Common;D:\TortoiseSVN\bin;D:\Java\jdk1.8.0_77\bin
USERNAME=Administrator
OS=Windows_NT
PROCESSOR_IDENTIFIER=Intel64 Family 6 Model 61 Stepping 4, GenuineIntel



---------------  S Y S T E M  ---------------

OS: Windows 10.0 , 64 bit Build 10586 (10.0.10586.0)

CPU:total 4 (initial active 4) (2 cores per cpu, 2 threads per core) family 6 model 61 stepping 4, cmov, cx8, fxsr, mmx, sse, sse2, sse3, ssse3, sse4.1, sse4.2, popcnt, avx, avx2, aes, clmul, erms, 3dnowpref, lzcnt, ht, tsc, tscinvbit, bmi1, bmi2, adx

Memory: 4k page, physical 4091432k(537700k free), swap 9072168k(3376312k free)

vm_info: OpenJDK 64-Bit Server VM (25.152-b06) for windows-amd64 JRE (1.8.0_152-release-1136-b06), built by "builder" with MS VC++ 10.0 (VS2010)

time: Wed Apr 03 11:11:35 2019
elapsed time: 3437 seconds (0d 0h 57m 17s)

